This script is running on:
sh03-12n16.int
/home/groups/bzuchero/axondeepseg/AxonDeepSeg/../models/CNS_learning_rate_0.0001
Using TensorFlow backend.
/home/groups/bzuchero/miniconda/envs/ads_venv/lib/python3.7/site-packages/tensorflow/python/framework/dtypes.py:526: FutureWarning: Passing (type, 1) or '1type' as a synonym of type is deprecated; in a future version of numpy, it will be understood as (type, (1,)) / '(1,)type'.
  _np_qint8 = np.dtype([("qint8", np.int8, 1)])
/home/groups/bzuchero/miniconda/envs/ads_venv/lib/python3.7/site-packages/tensorflow/python/framework/dtypes.py:527: FutureWarning: Passing (type, 1) or '1type' as a synonym of type is deprecated; in a future version of numpy, it will be understood as (type, (1,)) / '(1,)type'.
  _np_quint8 = np.dtype([("quint8", np.uint8, 1)])
/home/groups/bzuchero/miniconda/envs/ads_venv/lib/python3.7/site-packages/tensorflow/python/framework/dtypes.py:528: FutureWarning: Passing (type, 1) or '1type' as a synonym of type is deprecated; in a future version of numpy, it will be understood as (type, (1,)) / '(1,)type'.
  _np_qint16 = np.dtype([("qint16", np.int16, 1)])
/home/groups/bzuchero/miniconda/envs/ads_venv/lib/python3.7/site-packages/tensorflow/python/framework/dtypes.py:529: FutureWarning: Passing (type, 1) or '1type' as a synonym of type is deprecated; in a future version of numpy, it will be understood as (type, (1,)) / '(1,)type'.
  _np_quint16 = np.dtype([("quint16", np.uint16, 1)])
/home/groups/bzuchero/miniconda/envs/ads_venv/lib/python3.7/site-packages/tensorflow/python/framework/dtypes.py:530: FutureWarning: Passing (type, 1) or '1type' as a synonym of type is deprecated; in a future version of numpy, it will be understood as (type, (1,)) / '(1,)type'.
  _np_qint32 = np.dtype([("qint32", np.int32, 1)])
/home/groups/bzuchero/miniconda/envs/ads_venv/lib/python3.7/site-packages/tensorflow/python/framework/dtypes.py:535: FutureWarning: Passing (type, 1) or '1type' as a synonym of type is deprecated; in a future version of numpy, it will be understood as (type, (1,)) / '(1,)type'.
  np_resource = np.dtype([("resource", np.ubyte, 1)])
WARNING:tensorflow:From /home/groups/bzuchero/miniconda/envs/ads_venv/lib/python3.7/site-packages/tensorflow/python/framework/op_def_library.py:263: colocate_with (from tensorflow.python.framework.ops) is deprecated and will be removed in a future version.
Instructions for updating:
Colocations handled automatically by placer.
2022-01-24 23:41:23.111208: I tensorflow/core/platform/cpu_feature_guard.cc:141] Your CPU supports instructions that this TensorFlow binary was not compiled to use: SSE4.1 SSE4.2 AVX AVX2 FMA
2022-01-24 23:41:23.115381: I tensorflow/core/platform/profile_utils/cpu_utils.cc:94] CPU Frequency: 2499960000 Hz
2022-01-24 23:41:23.115460: I tensorflow/compiler/xla/service/service.cc:150] XLA service 0x560e16ba3c00 executing computations on platform Host. Devices:
2022-01-24 23:41:23.115468: I tensorflow/compiler/xla/service/service.cc:158]   StreamExecutor device (0): <undefined>, <undefined>
2022-01-24 23:41:23.369969: I tensorflow/compiler/xla/service/service.cc:150] XLA service 0x560e16bb7f30 executing computations on platform CUDA. Devices:
2022-01-24 23:41:23.369992: I tensorflow/compiler/xla/service/service.cc:158]   StreamExecutor device (0): NVIDIA GeForce RTX 2080 Ti, Compute Capability 7.5
2022-01-24 23:41:23.370150: I tensorflow/core/common_runtime/gpu/gpu_device.cc:1433] Found device 0 with properties: 
name: NVIDIA GeForce RTX 2080 Ti major: 7 minor: 5 memoryClockRate(GHz): 1.62
pciBusID: 0000:89:00.0
totalMemory: 10.76GiB freeMemory: 10.61GiB
2022-01-24 23:41:23.370166: I tensorflow/core/common_runtime/gpu/gpu_device.cc:1512] Adding visible gpu devices: 0
2022-01-24 23:41:23.371634: I tensorflow/core/common_runtime/gpu/gpu_device.cc:984] Device interconnect StreamExecutor with strength 1 edge matrix:
2022-01-24 23:41:23.371646: I tensorflow/core/common_runtime/gpu/gpu_device.cc:990]      0 
2022-01-24 23:41:23.371653: I tensorflow/core/common_runtime/gpu/gpu_device.cc:1003] 0:   N 
2022-01-24 23:41:23.371719: I tensorflow/core/common_runtime/gpu/gpu_device.cc:1115] Created TensorFlow device (/job:localhost/replica:0/task:0/device:GPU:0 with 10321 MB memory) -> physical GPU (device: 0, name: NVIDIA GeForce RTX 2080 Ti, pci bus id: 0000:89:00.0, compute capability: 7.5)
WARNING:tensorflow:From /home/groups/bzuchero/miniconda/envs/ads_venv/lib/python3.7/site-packages/keras/backend/tensorflow_backend.py:3445: calling dropout (from tensorflow.python.ops.nn_ops) with keep_prob is deprecated and will be removed in a future version.
Instructions for updating:
Please use `rate` instead of `keep_prob`. Rate should be set to `rate = 1 - keep_prob`.
WARNING:tensorflow:From /home/groups/bzuchero/miniconda/envs/ads_venv/lib/python3.7/site-packages/tensorflow/python/ops/math_ops.py:3066: to_int32 (from tensorflow.python.ops.math_ops) is deprecated and will be removed in a future version.
Instructions for updating:
Use tf.cast instead.
WARNING:tensorflow:From /home/groups/bzuchero/miniconda/envs/ads_venv/lib/python3.7/site-packages/tensorflow/python/ops/math_grad.py:102: div (from tensorflow.python.ops.math_ops) is deprecated and will be removed in a future version.
Instructions for updating:
Deprecated in favor of operator or tf.math.divide.
Epoch 1/1000

 1/73 [..............................] - ETA: 12:31 - loss: 0.6844 - acc: 0.2986 - dice_axon: 0.4045 - dice_myelin: 0.2354
 2/73 [..............................] - ETA: 6:23 - loss: 0.7086 - acc: 0.2516 - dice_axon: 0.3455 - dice_myelin: 0.2015 
 3/73 [>.............................] - ETA: 4:20 - loss: 0.7029 - acc: 0.2606 - dice_axon: 0.3553 - dice_myelin: 0.2065
 4/73 [>.............................] - ETA: 3:18 - loss: 0.7021 - acc: 0.2625 - dice_axon: 0.3567 - dice_myelin: 0.2085
 5/73 [=>............................] - ETA: 2:41 - loss: 0.6999 - acc: 0.2664 - dice_axon: 0.3550 - dice_myelin: 0.2161
 6/73 [=>............................] - ETA: 2:16 - loss: 0.6954 - acc: 0.2753 - dice_axon: 0.3609 - dice_myelin: 0.2240
 7/73 [=>............................] - ETA: 1:58 - loss: 0.6968 - acc: 0.2708 - dice_axon: 0.3527 - dice_myelin: 0.2237
 8/73 [==>...........................] - ETA: 1:44 - loss: 0.6951 - acc: 0.2745 - dice_axon: 0.3573 - dice_myelin: 0.2269
 9/73 [==>...........................] - ETA: 1:34 - loss: 0.6959 - acc: 0.2732 - dice_axon: 0.3522 - dice_myelin: 0.2283
10/73 [===>..........................] - ETA: 1:25 - loss: 0.6968 - acc: 0.2705 - dice_axon: 0.3451 - dice_myelin: 0.2289
11/73 [===>..........................] - ETA: 1:18 - loss: 0.6919 - acc: 0.2798 - dice_axon: 0.3535 - dice_myelin: 0.2353
12/73 [===>..........................] - ETA: 1:12 - loss: 0.6923 - acc: 0.2792 - dice_axon: 0.3500 - dice_myelin: 0.2373
13/73 [====>.........................] - ETA: 1:07 - loss: 0.6902 - acc: 0.2834 - dice_axon: 0.3526 - dice_myelin: 0.2391
14/73 [====>.........................] - ETA: 1:12 - loss: 0.6927 - acc: 0.2761 - dice_axon: 0.3369 - dice_myelin: 0.2348
15/73 [=====>........................] - ETA: 1:08 - loss: 0.6898 - acc: 0.2815 - dice_axon: 0.3406 - dice_myelin: 0.2390
16/73 [=====>........................] - ETA: 1:03 - loss: 0.6902 - acc: 0.2794 - dice_axon: 0.3357 - dice_myelin: 0.2357
17/73 [=====>........................] - ETA: 1:00 - loss: 0.6869 - acc: 0.2869 - dice_axon: 0.3416 - dice_myelin: 0.2394
18/73 [======>.......................] - ETA: 57s - loss: 0.6852 - acc: 0.2905 - dice_axon: 0.3438 - dice_myelin: 0.2422 
19/73 [======>.......................] - ETA: 54s - loss: 0.6827 - acc: 0.2960 - dice_axon: 0.3486 - dice_myelin: 0.2448
20/73 [=======>......................] - ETA: 51s - loss: 0.6813 - acc: 0.2991 - dice_axon: 0.3500 - dice_myelin: 0.2454
21/73 [=======>......................] - ETA: 48s - loss: 0.6791 - acc: 0.3038 - dice_axon: 0.3535 - dice_myelin: 0.2476
22/73 [========>.....................] - ETA: 46s - loss: 0.6770 - acc: 0.3087 - dice_axon: 0.3575 - dice_myelin: 0.2501
23/73 [========>.....................] - ETA: 44s - loss: 0.6764 - acc: 0.3104 - dice_axon: 0.3569 - dice_myelin: 0.2514
24/73 [========>.....................] - ETA: 42s - loss: 0.6759 - acc: 0.3120 - dice_axon: 0.3558 - dice_myelin: 0.2546
25/73 [=========>....................] - ETA: 40s - loss: 0.6754 - acc: 0.3141 - dice_axon: 0.3552 - dice_myelin: 0.2568
26/73 [=========>....................] - ETA: 38s - loss: 0.6740 - acc: 0.3164 - dice_axon: 0.3585 - dice_myelin: 0.2565
27/73 [==========>...................] - ETA: 37s - loss: 0.6731 - acc: 0.3206 - dice_axon: 0.3582 - dice_myelin: 0.2601
28/73 [==========>...................] - ETA: 35s - loss: 0.6719 - acc: 0.3235 - dice_axon: 0.3595 - dice_myelin: 0.2612
29/73 [==========>...................] - ETA: 34s - loss: 0.6716 - acc: 0.3265 - dice_axon: 0.3588 - dice_myelin: 0.2650
30/73 [===========>..................] - ETA: 32s - loss: 0.6701 - acc: 0.3295 - dice_axon: 0.3606 - dice_myelin: 0.2669
31/73 [===========>..................] - ETA: 31s - loss: 0.6693 - acc: 0.3321 - dice_axon: 0.3616 - dice_myelin: 0.2682
32/73 [============>.................] - ETA: 30s - loss: 0.6698 - acc: 0.3314 - dice_axon: 0.3589 - dice_myelin: 0.2657
33/73 [============>.................] - ETA: 28s - loss: 0.6706 - acc: 0.3311 - dice_axon: 0.3544 - dice_myelin: 0.2646
34/73 [============>.................] - ETA: 27s - loss: 0.6699 - acc: 0.3332 - dice_axon: 0.3553 - dice_myelin: 0.2659
35/73 [=============>................] - ETA: 26s - loss: 0.6692 - acc: 0.3344 - dice_axon: 0.3549 - dice_myelin: 0.2663
36/73 [=============>................] - ETA: 25s - loss: 0.6708 - acc: 0.3315 - dice_axon: 0.3471 - dice_myelin: 0.2630
37/73 [==============>...............] - ETA: 24s - loss: 0.6702 - acc: 0.3330 - dice_axon: 0.3483 - dice_myelin: 0.2632
38/73 [==============>...............] - ETA: 23s - loss: 0.6686 - acc: 0.3365 - dice_axon: 0.3511 - dice_myelin: 0.2648
39/73 [===============>..............] - ETA: 22s - loss: 0.6661 - acc: 0.3415 - dice_axon: 0.3549 - dice_myelin: 0.2680
40/73 [===============>..............] - ETA: 21s - loss: 0.6632 - acc: 0.3471 - dice_axon: 0.3599 - dice_myelin: 0.2715
41/73 [===============>..............] - ETA: 20s - loss: 0.6623 - acc: 0.3496 - dice_axon: 0.3608 - dice_myelin: 0.2739
42/73 [================>.............] - ETA: 20s - loss: 0.6606 - acc: 0.3529 - dice_axon: 0.3630 - dice_myelin: 0.2769
43/73 [================>.............] - ETA: 19s - loss: 0.6588 - acc: 0.3564 - dice_axon: 0.3656 - dice_myelin: 0.2791
44/73 [=================>............] - ETA: 18s - loss: 0.6581 - acc: 0.3580 - dice_axon: 0.3652 - dice_myelin: 0.2799
45/73 [=================>............] - ETA: 17s - loss: 0.6543 - acc: 0.3654 - dice_axon: 0.3702 - dice_myelin: 0.2862
46/73 [=================>............] - ETA: 17s - loss: 0.6529 - acc: 0.3677 - dice_axon: 0.3726 - dice_myelin: 0.2880
47/73 [==================>...........] - ETA: 16s - loss: 0.6530 - acc: 0.3673 - dice_axon: 0.3703 - dice_myelin: 0.2882
48/73 [==================>...........] - ETA: 15s - loss: 0.6537 - acc: 0.3667 - dice_axon: 0.3682 - dice_myelin: 0.2880
49/73 [===================>..........] - ETA: 14s - loss: 0.6539 - acc: 0.3674 - dice_axon: 0.3649 - dice_myelin: 0.2877
50/73 [===================>..........] - ETA: 14s - loss: 0.6548 - acc: 0.3664 - dice_axon: 0.3602 - dice_myelin: 0.2861
51/73 [===================>..........] - ETA: 13s - loss: 0.6542 - acc: 0.3674 - dice_axon: 0.3600 - dice_myelin: 0.2882
52/73 [====================>.........] - ETA: 12s - loss: 0.6532 - acc: 0.3693 - dice_axon: 0.3618 - dice_myelin: 0.2900
53/73 [====================>.........] - ETA: 12s - loss: 0.6498 - acc: 0.3745 - dice_axon: 0.3663 - dice_myelin: 0.2956
54/73 [=====================>........] - ETA: 11s - loss: 0.6484 - acc: 0.3769 - dice_axon: 0.3687 - dice_myelin: 0.2980
55/73 [=====================>........] - ETA: 10s - loss: 0.6475 - acc: 0.3787 - dice_axon: 0.3693 - dice_myelin: 0.3005
56/73 [======================>.......] - ETA: 10s - loss: 0.6445 - acc: 0.3832 - dice_axon: 0.3733 - dice_myelin: 0.3053
57/73 [======================>.......] - ETA: 9s - loss: 0.6427 - acc: 0.3860 - dice_axon: 0.3758 - dice_myelin: 0.3079 
58/73 [======================>.......] - ETA: 8s - loss: 0.6418 - acc: 0.3877 - dice_axon: 0.3770 - dice_myelin: 0.3098
59/73 [=======================>......] - ETA: 8s - loss: 0.6425 - acc: 0.3873 - dice_axon: 0.3730 - dice_myelin: 0.3083
60/73 [=======================>......] - ETA: 7s - loss: 0.6396 - acc: 0.3916 - dice_axon: 0.3775 - dice_myelin: 0.3125
61/73 [========================>.....] - ETA: 7s - loss: 0.6403 - acc: 0.3911 - dice_axon: 0.3743 - dice_myelin: 0.3118
62/73 [========================>.....] - ETA: 6s - loss: 0.6388 - acc: 0.3930 - dice_axon: 0.3765 - dice_myelin: 0.3142
63/73 [========================>.....] - ETA: 5s - loss: 0.6379 - acc: 0.3945 - dice_axon: 0.3764 - dice_myelin: 0.3170
64/73 [=========================>....] - ETA: 5s - loss: 0.6362 - acc: 0.3967 - dice_axon: 0.3788 - dice_myelin: 0.3201
65/73 [=========================>....] - ETA: 4s - loss: 0.6352 - acc: 0.3981 - dice_axon: 0.3797 - dice_myelin: 0.3225
66/73 [==========================>...] - ETA: 4s - loss: 0.6346 - acc: 0.3987 - dice_axon: 0.3798 - dice_myelin: 0.3240
67/73 [==========================>...] - ETA: 3s - loss: 0.6333 - acc: 0.4004 - dice_axon: 0.3815 - dice_myelin: 0.3262
68/73 [==========================>...] - ETA: 2s - loss: 0.6337 - acc: 0.4007 - dice_axon: 0.3787 - dice_myelin: 0.3254
69/73 [===========================>..] - ETA: 2s - loss: 0.6343 - acc: 0.4004 - dice_axon: 0.3751 - dice_myelin: 0.3244
70/73 [===========================>..] - ETA: 1s - loss: 0.6330 - acc: 0.4021 - dice_axon: 0.3765 - dice_myelin: 0.3267
71/73 [============================>.] - ETA: 1s - loss: 0.6316 - acc: 0.4038 - dice_axon: 0.3782 - dice_myelin: 0.3291
72/73 [============================>.] - ETA: 0s - loss: 0.6321 - acc: 0.4038 - dice_axon: 0.3752 - dice_myelin: 0.3275
73/73 [==============================] - 43s 587ms/step - loss: 0.6307 - acc: 0.4056 - dice_axon: 0.3770 - dice_myelin: 0.3303 - val_loss: 0.5183 - val_acc: 0.6043 - val_dice_axon: 0.3909 - val_dice_myelin: 0.5773
Epoch 2/1000

 1/73 [..............................] - ETA: 25s - loss: 0.5297 - acc: 0.5504 - dice_axon: 0.4888 - dice_myelin: 0.4632
 2/73 [..............................] - ETA: 35s - loss: 0.5678 - acc: 0.4941 - dice_axon: 0.4188 - dice_myelin: 0.4639
 3/73 [>.............................] - ETA: 42s - loss: 0.5528 - acc: 0.5159 - dice_axon: 0.4426 - dice_myelin: 0.4964
 4/73 [>.............................] - ETA: 37s - loss: 0.5801 - acc: 0.4909 - dice_axon: 0.3727 - dice_myelin: 0.4320
 5/73 [=>............................] - ETA: 36s - loss: 0.5595 - acc: 0.5114 - dice_axon: 0.4189 - dice_myelin: 0.4546
 6/73 [=>............................] - ETA: 35s - loss: 0.5564 - acc: 0.5163 - dice_axon: 0.4249 - dice_myelin: 0.4694
 7/73 [=>............................] - ETA: 34s - loss: 0.5609 - acc: 0.5114 - dice_axon: 0.4231 - dice_myelin: 0.4618
 8/73 [==>...........................] - ETA: 34s - loss: 0.5451 - acc: 0.5262 - dice_axon: 0.4514 - dice_myelin: 0.4820
 9/73 [==>...........................] - ETA: 33s - loss: 0.5378 - acc: 0.5364 - dice_axon: 0.4604 - dice_myelin: 0.4956
10/73 [===>..........................] - ETA: 33s - loss: 0.5351 - acc: 0.5405 - dice_axon: 0.4623 - dice_myelin: 0.5011
11/73 [===>..........................] - ETA: 32s - loss: 0.5387 - acc: 0.5367 - dice_axon: 0.4557 - dice_myelin: 0.4984
12/73 [===>..........................] - ETA: 32s - loss: 0.5423 - acc: 0.5316 - dice_axon: 0.4510 - dice_myelin: 0.4987
13/73 [====>.........................] - ETA: 31s - loss: 0.5513 - acc: 0.5251 - dice_axon: 0.4256 - dice_myelin: 0.4803
14/73 [====>.........................] - ETA: 30s - loss: 0.5551 - acc: 0.5225 - dice_axon: 0.4155 - dice_myelin: 0.4730
15/73 [=====>........................] - ETA: 29s - loss: 0.5497 - acc: 0.5288 - dice_axon: 0.4236 - dice_myelin: 0.4785
16/73 [=====>........................] - ETA: 29s - loss: 0.5487 - acc: 0.5289 - dice_axon: 0.4245 - dice_myelin: 0.4845
17/73 [=====>........................] - ETA: 28s - loss: 0.5466 - acc: 0.5300 - dice_axon: 0.4288 - dice_myelin: 0.4873
18/73 [======>.......................] - ETA: 27s - loss: 0.5461 - acc: 0.5289 - dice_axon: 0.4321 - dice_myelin: 0.4874
19/73 [======>.......................] - ETA: 26s - loss: 0.5502 - acc: 0.5268 - dice_axon: 0.4193 - dice_myelin: 0.4804
20/73 [=======>......................] - ETA: 26s - loss: 0.5552 - acc: 0.5240 - dice_axon: 0.4049 - dice_myelin: 0.4704
21/73 [=======>......................] - ETA: 25s - loss: 0.5547 - acc: 0.5252 - dice_axon: 0.4040 - dice_myelin: 0.4719
22/73 [========>.....................] - ETA: 24s - loss: 0.5546 - acc: 0.5269 - dice_axon: 0.4029 - dice_myelin: 0.4697
23/73 [========>.....................] - ETA: 24s - loss: 0.5526 - acc: 0.5282 - dice_axon: 0.4086 - dice_myelin: 0.4688
24/73 [========>.....................] - ETA: 23s - loss: 0.5496 - acc: 0.5310 - dice_axon: 0.4129 - dice_myelin: 0.4761
25/73 [=========>....................] - ETA: 23s - loss: 0.5470 - acc: 0.5334 - dice_axon: 0.4188 - dice_myelin: 0.4777
26/73 [=========>....................] - ETA: 22s - loss: 0.5499 - acc: 0.5323 - dice_axon: 0.4096 - dice_myelin: 0.4719
27/73 [==========>...................] - ETA: 22s - loss: 0.5487 - acc: 0.5333 - dice_axon: 0.4126 - dice_myelin: 0.4739
28/73 [==========>...................] - ETA: 22s - loss: 0.5483 - acc: 0.5338 - dice_axon: 0.4125 - dice_myelin: 0.4755
29/73 [==========>...................] - ETA: 21s - loss: 0.5533 - acc: 0.5287 - dice_axon: 0.4006 - dice_myelin: 0.4658
30/73 [===========>..................] - ETA: 20s - loss: 0.5517 - acc: 0.5303 - dice_axon: 0.4031 - dice_myelin: 0.4681
31/73 [===========>..................] - ETA: 20s - loss: 0.5491 - acc: 0.5336 - dice_axon: 0.4073 - dice_myelin: 0.4690
32/73 [============>.................] - ETA: 20s - loss: 0.5469 - acc: 0.5361 - dice_axon: 0.4108 - dice_myelin: 0.4731
33/73 [============>.................] - ETA: 19s - loss: 0.5458 - acc: 0.5377 - dice_axon: 0.4113 - dice_myelin: 0.4744
34/73 [============>.................] - ETA: 19s - loss: 0.5442 - acc: 0.5387 - dice_axon: 0.4149 - dice_myelin: 0.4761
35/73 [=============>................] - ETA: 18s - loss: 0.5420 - acc: 0.5410 - dice_axon: 0.4183 - dice_myelin: 0.4798
36/73 [=============>................] - ETA: 18s - loss: 0.5437 - acc: 0.5391 - dice_axon: 0.4148 - dice_myelin: 0.4778
37/73 [==============>...............] - ETA: 17s - loss: 0.5453 - acc: 0.5363 - dice_axon: 0.4137 - dice_myelin: 0.4754
38/73 [==============>...............] - ETA: 17s - loss: 0.5431 - acc: 0.5387 - dice_axon: 0.4169 - dice_myelin: 0.4780
39/73 [===============>..............] - ETA: 16s - loss: 0.5412 - acc: 0.5395 - dice_axon: 0.4218 - dice_myelin: 0.4799
40/73 [===============>..............] - ETA: 16s - loss: 0.5422 - acc: 0.5396 - dice_axon: 0.4181 - dice_myelin: 0.4785
41/73 [===============>..............] - ETA: 15s - loss: 0.5390 - acc: 0.5434 - dice_axon: 0.4226 - dice_myelin: 0.4830
42/73 [================>.............] - ETA: 15s - loss: 0.5382 - acc: 0.5442 - dice_axon: 0.4234 - dice_myelin: 0.4843
43/73 [================>.............] - ETA: 14s - loss: 0.5361 - acc: 0.5464 - dice_axon: 0.4268 - dice_myelin: 0.4878
44/73 [=================>............] - ETA: 14s - loss: 0.5384 - acc: 0.5445 - dice_axon: 0.4213 - dice_myelin: 0.4834
45/73 [=================>............] - ETA: 13s - loss: 0.5360 - acc: 0.5474 - dice_axon: 0.4250 - dice_myelin: 0.4869
46/73 [=================>............] - ETA: 13s - loss: 0.5350 - acc: 0.5475 - dice_axon: 0.4281 - dice_myelin: 0.4869
47/73 [==================>...........] - ETA: 12s - loss: 0.5358 - acc: 0.5479 - dice_axon: 0.4250 - dice_myelin: 0.4858
48/73 [==================>...........] - ETA: 12s - loss: 0.5353 - acc: 0.5483 - dice_axon: 0.4267 - dice_myelin: 0.4853
49/73 [===================>..........] - ETA: 11s - loss: 0.5334 - acc: 0.5505 - dice_axon: 0.4294 - dice_myelin: 0.4880
50/73 [===================>..........] - ETA: 11s - loss: 0.5316 - acc: 0.5513 - dice_axon: 0.4333 - dice_myelin: 0.4898
51/73 [===================>..........] - ETA: 10s - loss: 0.5301 - acc: 0.5535 - dice_axon: 0.4349 - dice_myelin: 0.4924
52/73 [====================>.........] - ETA: 10s - loss: 0.5302 - acc: 0.5533 - dice_axon: 0.4356 - dice_myelin: 0.4908
53/73 [====================>.........] - ETA: 9s - loss: 0.5300 - acc: 0.5531 - dice_axon: 0.4365 - dice_myelin: 0.4899 
54/73 [=====================>........] - ETA: 9s - loss: 0.5293 - acc: 0.5545 - dice_axon: 0.4365 - dice_myelin: 0.4910
55/73 [=====================>........] - ETA: 8s - loss: 0.5278 - acc: 0.5565 - dice_axon: 0.4391 - dice_myelin: 0.4915
56/73 [======================>.......] - ETA: 8s - loss: 0.5261 - acc: 0.5588 - dice_axon: 0.4415 - dice_myelin: 0.4934
57/73 [======================>.......] - ETA: 7s - loss: 0.5257 - acc: 0.5596 - dice_axon: 0.4421 - dice_myelin: 0.4927
58/73 [======================>.......] - ETA: 7s - loss: 0.5257 - acc: 0.5598 - dice_axon: 0.4414 - dice_myelin: 0.4931
59/73 [=======================>......] - ETA: 6s - loss: 0.5250 - acc: 0.5604 - dice_axon: 0.4424 - dice_myelin: 0.4942
60/73 [=======================>......] - ETA: 6s - loss: 0.5257 - acc: 0.5602 - dice_axon: 0.4413 - dice_myelin: 0.4921
61/73 [========================>.....] - ETA: 5s - loss: 0.5247 - acc: 0.5614 - dice_axon: 0.4423 - dice_myelin: 0.4938
62/73 [========================>.....] - ETA: 5s - loss: 0.5239 - acc: 0.5633 - dice_axon: 0.4429 - dice_myelin: 0.4940
63/73 [========================>.....] - ETA: 4s - loss: 0.5231 - acc: 0.5641 - dice_axon: 0.4441 - dice_myelin: 0.4947
64/73 [=========================>....] - ETA: 4s - loss: 0.5226 - acc: 0.5632 - dice_axon: 0.4448 - dice_myelin: 0.4977
65/73 [=========================>....] - ETA: 3s - loss: 0.5219 - acc: 0.5648 - dice_axon: 0.4453 - dice_myelin: 0.4978
66/73 [==========================>...] - ETA: 3s - loss: 0.5205 - acc: 0.5662 - dice_axon: 0.4474 - dice_myelin: 0.5001
67/73 [==========================>...] - ETA: 2s - loss: 0.5193 - acc: 0.5679 - dice_axon: 0.4477 - dice_myelin: 0.5025
68/73 [==========================>...] - ETA: 2s - loss: 0.5180 - acc: 0.5694 - dice_axon: 0.4495 - dice_myelin: 0.5043
69/73 [===========================>..] - ETA: 1s - loss: 0.5179 - acc: 0.5700 - dice_axon: 0.4490 - dice_myelin: 0.5041
70/73 [===========================>..] - ETA: 1s - loss: 0.5169 - acc: 0.5711 - dice_axon: 0.4506 - dice_myelin: 0.5045
71/73 [============================>.] - ETA: 0s - loss: 0.5164 - acc: 0.5712 - dice_axon: 0.4508 - dice_myelin: 0.5060
72/73 [============================>.] - ETA: 0s - loss: 0.5172 - acc: 0.5711 - dice_axon: 0.4487 - dice_myelin: 0.5036
73/73 [==============================] - 36s 489ms/step - loss: 0.5157 - acc: 0.5728 - dice_axon: 0.4510 - dice_myelin: 0.5049 - val_loss: 0.4029 - val_acc: 0.7328 - val_dice_axon: 0.5156 - val_dice_myelin: 0.6359
Epoch 3/1000

 1/73 [..............................] - ETA: 25s - loss: 0.4190 - acc: 0.7003 - dice_axon: 0.5886 - dice_myelin: 0.5905
 2/73 [..............................] - ETA: 35s - loss: 0.4025 - acc: 0.7161 - dice_axon: 0.6101 - dice_myelin: 0.6130
 3/73 [>.............................] - ETA: 43s - loss: 0.4274 - acc: 0.6656 - dice_axon: 0.6042 - dice_myelin: 0.5550
 4/73 [>.............................] - ETA: 40s - loss: 0.4285 - acc: 0.6688 - dice_axon: 0.5996 - dice_myelin: 0.5510
 5/73 [=>............................] - ETA: 39s - loss: 0.4620 - acc: 0.6458 - dice_axon: 0.5216 - dice_myelin: 0.4996
 6/73 [=>............................] - ETA: 37s - loss: 0.4597 - acc: 0.6562 - dice_axon: 0.5210 - dice_myelin: 0.4998
 7/73 [=>............................] - ETA: 36s - loss: 0.4553 - acc: 0.6643 - dice_axon: 0.5235 - dice_myelin: 0.5108slurmstepd: error: *** JOB 43753788 ON sh03-12n16 CANCELLED AT 2022-01-24T23:42:54 ***

 8/73 [==>...........................] - ETA: 34s - loss: 0.4496 - acc: 0.6705 - dice_axon: 0.5322 - dice_myelin: 0.5190