This script is running on:
sh03-12n16.int
/home/groups/bzuchero/axondeepseg/AxonDeepSeg/../models/CNS_learning_rate_0.001
Using TensorFlow backend.
/home/groups/bzuchero/miniconda/envs/ads_venv/lib/python3.7/site-packages/tensorflow/python/framework/dtypes.py:526: FutureWarning: Passing (type, 1) or '1type' as a synonym of type is deprecated; in a future version of numpy, it will be understood as (type, (1,)) / '(1,)type'.
  _np_qint8 = np.dtype([("qint8", np.int8, 1)])
/home/groups/bzuchero/miniconda/envs/ads_venv/lib/python3.7/site-packages/tensorflow/python/framework/dtypes.py:527: FutureWarning: Passing (type, 1) or '1type' as a synonym of type is deprecated; in a future version of numpy, it will be understood as (type, (1,)) / '(1,)type'.
  _np_quint8 = np.dtype([("quint8", np.uint8, 1)])
/home/groups/bzuchero/miniconda/envs/ads_venv/lib/python3.7/site-packages/tensorflow/python/framework/dtypes.py:528: FutureWarning: Passing (type, 1) or '1type' as a synonym of type is deprecated; in a future version of numpy, it will be understood as (type, (1,)) / '(1,)type'.
  _np_qint16 = np.dtype([("qint16", np.int16, 1)])
/home/groups/bzuchero/miniconda/envs/ads_venv/lib/python3.7/site-packages/tensorflow/python/framework/dtypes.py:529: FutureWarning: Passing (type, 1) or '1type' as a synonym of type is deprecated; in a future version of numpy, it will be understood as (type, (1,)) / '(1,)type'.
  _np_quint16 = np.dtype([("quint16", np.uint16, 1)])
/home/groups/bzuchero/miniconda/envs/ads_venv/lib/python3.7/site-packages/tensorflow/python/framework/dtypes.py:530: FutureWarning: Passing (type, 1) or '1type' as a synonym of type is deprecated; in a future version of numpy, it will be understood as (type, (1,)) / '(1,)type'.
  _np_qint32 = np.dtype([("qint32", np.int32, 1)])
/home/groups/bzuchero/miniconda/envs/ads_venv/lib/python3.7/site-packages/tensorflow/python/framework/dtypes.py:535: FutureWarning: Passing (type, 1) or '1type' as a synonym of type is deprecated; in a future version of numpy, it will be understood as (type, (1,)) / '(1,)type'.
  np_resource = np.dtype([("resource", np.ubyte, 1)])
WARNING:tensorflow:From /home/groups/bzuchero/miniconda/envs/ads_venv/lib/python3.7/site-packages/tensorflow/python/framework/op_def_library.py:263: colocate_with (from tensorflow.python.framework.ops) is deprecated and will be removed in a future version.
Instructions for updating:
Colocations handled automatically by placer.
2022-01-24 23:48:13.918317: I tensorflow/core/platform/cpu_feature_guard.cc:141] Your CPU supports instructions that this TensorFlow binary was not compiled to use: SSE4.1 SSE4.2 AVX AVX2 FMA
2022-01-24 23:48:13.922358: I tensorflow/core/platform/profile_utils/cpu_utils.cc:94] CPU Frequency: 2499960000 Hz
2022-01-24 23:48:13.922414: I tensorflow/compiler/xla/service/service.cc:150] XLA service 0x55facbe67de0 executing computations on platform Host. Devices:
2022-01-24 23:48:13.922422: I tensorflow/compiler/xla/service/service.cc:158]   StreamExecutor device (0): <undefined>, <undefined>
2022-01-24 23:48:14.180668: I tensorflow/compiler/xla/service/service.cc:150] XLA service 0x55facbe7c110 executing computations on platform CUDA. Devices:
2022-01-24 23:48:14.180700: I tensorflow/compiler/xla/service/service.cc:158]   StreamExecutor device (0): NVIDIA GeForce RTX 2080 Ti, Compute Capability 7.5
2022-01-24 23:48:14.180866: I tensorflow/core/common_runtime/gpu/gpu_device.cc:1433] Found device 0 with properties: 
name: NVIDIA GeForce RTX 2080 Ti major: 7 minor: 5 memoryClockRate(GHz): 1.62
pciBusID: 0000:c4:00.0
totalMemory: 10.76GiB freeMemory: 10.61GiB
2022-01-24 23:48:14.180887: I tensorflow/core/common_runtime/gpu/gpu_device.cc:1512] Adding visible gpu devices: 0
2022-01-24 23:48:14.182464: I tensorflow/core/common_runtime/gpu/gpu_device.cc:984] Device interconnect StreamExecutor with strength 1 edge matrix:
2022-01-24 23:48:14.182482: I tensorflow/core/common_runtime/gpu/gpu_device.cc:990]      0 
2022-01-24 23:48:14.182492: I tensorflow/core/common_runtime/gpu/gpu_device.cc:1003] 0:   N 
2022-01-24 23:48:14.182578: I tensorflow/core/common_runtime/gpu/gpu_device.cc:1115] Created TensorFlow device (/job:localhost/replica:0/task:0/device:GPU:0 with 10321 MB memory) -> physical GPU (device: 0, name: NVIDIA GeForce RTX 2080 Ti, pci bus id: 0000:c4:00.0, compute capability: 7.5)
WARNING:tensorflow:From /home/groups/bzuchero/miniconda/envs/ads_venv/lib/python3.7/site-packages/keras/backend/tensorflow_backend.py:3445: calling dropout (from tensorflow.python.ops.nn_ops) with keep_prob is deprecated and will be removed in a future version.
Instructions for updating:
Please use `rate` instead of `keep_prob`. Rate should be set to `rate = 1 - keep_prob`.
WARNING:tensorflow:From /home/groups/bzuchero/miniconda/envs/ads_venv/lib/python3.7/site-packages/tensorflow/python/ops/math_ops.py:3066: to_int32 (from tensorflow.python.ops.math_ops) is deprecated and will be removed in a future version.
Instructions for updating:
Use tf.cast instead.
WARNING:tensorflow:From /home/groups/bzuchero/miniconda/envs/ads_venv/lib/python3.7/site-packages/tensorflow/python/ops/math_grad.py:102: div (from tensorflow.python.ops.math_ops) is deprecated and will be removed in a future version.
Instructions for updating:
Deprecated in favor of operator or tf.math.divide.
slurmstepd: error: *** JOB 43753883 ON sh03-12n16 CANCELLED AT 2022-01-24T23:48:20 ***
