This script is running on:
sh02-15n09.int
/home/groups/bzuchero/miniconda/envs/ads_venv/lib/python3.7/site-packages/tensorflow/python/framework/dtypes.py:526: FutureWarning: Passing (type, 1) or '1type' as a synonym of type is deprecated; in a future version of numpy, it will be understood as (type, (1,)) / '(1,)type'.
  _np_qint8 = np.dtype([("qint8", np.int8, 1)])
/home/groups/bzuchero/miniconda/envs/ads_venv/lib/python3.7/site-packages/tensorflow/python/framework/dtypes.py:527: FutureWarning: Passing (type, 1) or '1type' as a synonym of type is deprecated; in a future version of numpy, it will be understood as (type, (1,)) / '(1,)type'.
  _np_quint8 = np.dtype([("quint8", np.uint8, 1)])
/home/groups/bzuchero/miniconda/envs/ads_venv/lib/python3.7/site-packages/tensorflow/python/framework/dtypes.py:528: FutureWarning: Passing (type, 1) or '1type' as a synonym of type is deprecated; in a future version of numpy, it will be understood as (type, (1,)) / '(1,)type'.
  _np_qint16 = np.dtype([("qint16", np.int16, 1)])
/home/groups/bzuchero/miniconda/envs/ads_venv/lib/python3.7/site-packages/tensorflow/python/framework/dtypes.py:529: FutureWarning: Passing (type, 1) or '1type' as a synonym of type is deprecated; in a future version of numpy, it will be understood as (type, (1,)) / '(1,)type'.
  _np_quint16 = np.dtype([("quint16", np.uint16, 1)])
/home/groups/bzuchero/miniconda/envs/ads_venv/lib/python3.7/site-packages/tensorflow/python/framework/dtypes.py:530: FutureWarning: Passing (type, 1) or '1type' as a synonym of type is deprecated; in a future version of numpy, it will be understood as (type, (1,)) / '(1,)type'.
  _np_qint32 = np.dtype([("qint32", np.int32, 1)])
/home/groups/bzuchero/miniconda/envs/ads_venv/lib/python3.7/site-packages/tensorflow/python/framework/dtypes.py:535: FutureWarning: Passing (type, 1) or '1type' as a synonym of type is deprecated; in a future version of numpy, it will be understood as (type, (1,)) / '(1,)type'.
  np_resource = np.dtype([("resource", np.ubyte, 1)])
Using TensorFlow backend.
WARNING:tensorflow:From /home/groups/bzuchero/miniconda/envs/ads_venv/lib/python3.7/site-packages/tensorflow/python/framework/op_def_library.py:263: colocate_with (from tensorflow.python.framework.ops) is deprecated and will be removed in a future version.
Instructions for updating:
Colocations handled automatically by placer.
2021-11-28 02:12:36.357431: I tensorflow/core/platform/cpu_feature_guard.cc:141] Your CPU supports instructions that this TensorFlow binary was not compiled to use: SSE4.1 SSE4.2 AVX AVX2 AVX512F FMA
2021-11-28 02:12:36.364386: I tensorflow/core/platform/profile_utils/cpu_utils.cc:94] CPU Frequency: 2300000000 Hz
2021-11-28 02:12:36.364509: I tensorflow/compiler/xla/service/service.cc:150] XLA service 0x55b7a9517020 executing computations on platform Host. Devices:
2021-11-28 02:12:36.364525: I tensorflow/compiler/xla/service/service.cc:158]   StreamExecutor device (0): <undefined>, <undefined>
2021-11-28 02:12:36.560590: I tensorflow/compiler/xla/service/service.cc:150] XLA service 0x55b7a95891f0 executing computations on platform CUDA. Devices:
2021-11-28 02:12:36.560624: I tensorflow/compiler/xla/service/service.cc:158]   StreamExecutor device (0): Tesla V100-SXM2-32GB, Compute Capability 7.0
2021-11-28 02:12:36.560795: I tensorflow/core/common_runtime/gpu/gpu_device.cc:1433] Found device 0 with properties: 
name: Tesla V100-SXM2-32GB major: 7 minor: 0 memoryClockRate(GHz): 1.53
pciBusID: 0000:1a:00.0
totalMemory: 31.75GiB freeMemory: 31.45GiB
2021-11-28 02:12:36.560812: I tensorflow/core/common_runtime/gpu/gpu_device.cc:1512] Adding visible gpu devices: 0
2021-11-28 02:12:36.562567: I tensorflow/core/common_runtime/gpu/gpu_device.cc:984] Device interconnect StreamExecutor with strength 1 edge matrix:
2021-11-28 02:12:36.562583: I tensorflow/core/common_runtime/gpu/gpu_device.cc:990]      0 
2021-11-28 02:12:36.562590: I tensorflow/core/common_runtime/gpu/gpu_device.cc:1003] 0:   N 
2021-11-28 02:12:36.562667: I tensorflow/core/common_runtime/gpu/gpu_device.cc:1115] Created TensorFlow device (/job:localhost/replica:0/task:0/device:GPU:0 with 30593 MB memory) -> physical GPU (device: 0, name: Tesla V100-SXM2-32GB, pci bus id: 0000:1a:00.0, compute capability: 7.0)
WARNING:tensorflow:From /home/groups/bzuchero/miniconda/envs/ads_venv/lib/python3.7/site-packages/keras/backend/tensorflow_backend.py:3445: calling dropout (from tensorflow.python.ops.nn_ops) with keep_prob is deprecated and will be removed in a future version.
Instructions for updating:
Please use `rate` instead of `keep_prob`. Rate should be set to `rate = 1 - keep_prob`.
WARNING:tensorflow:From /home/groups/bzuchero/miniconda/envs/ads_venv/lib/python3.7/site-packages/tensorflow/python/ops/math_ops.py:3066: to_int32 (from tensorflow.python.ops.math_ops) is deprecated and will be removed in a future version.
Instructions for updating:
Use tf.cast instead.
WARNING:tensorflow:From /home/groups/bzuchero/miniconda/envs/ads_venv/lib/python3.7/site-packages/tensorflow/python/ops/math_grad.py:102: div (from tensorflow.python.ops.math_ops) is deprecated and will be removed in a future version.
Instructions for updating:
Deprecated in favor of operator or tf.math.divide.
This training session's model will be saved in the folder: /home/groups/bzuchero/axondeepseg/models/CNS_TEM_2021-11-28_02-12-36
/home/groups/bzuchero/axondeepseg/data/processed/cns/nyu
../models/CNS_TEM_2021-11-28_02-12-36
Epoch 1/300

 1/63 [..............................] - ETA: 23:16 - loss: 0.6729 - acc: 0.3453 - dice_axon: 0.3829 - dice_myelin: 0.2613
 2/63 [..............................] - ETA: 11:36 - loss: 0.6734 - acc: 0.3497 - dice_axon: 0.3913 - dice_myelin: 0.2422
 3/63 [>.............................] - ETA: 7:42 - loss: 0.6678 - acc: 0.3635 - dice_axon: 0.4152 - dice_myelin: 0.2416 
 4/63 [>.............................] - ETA: 5:45 - loss: 0.6650 - acc: 0.3774 - dice_axon: 0.4352 - dice_myelin: 0.2303
 5/63 [=>............................] - ETA: 4:35 - loss: 0.6685 - acc: 0.3553 - dice_axon: 0.4145 - dice_myelin: 0.2113
 6/63 [=>............................] - ETA: 3:47 - loss: 0.6704 - acc: 0.3411 - dice_axon: 0.4011 - dice_myelin: 0.2027
 7/63 [==>...........................] - ETA: 3:14 - loss: 0.6710 - acc: 0.3295 - dice_axon: 0.3877 - dice_myelin: 0.2018
 8/63 [==>...........................] - ETA: 2:49 - loss: 0.6682 - acc: 0.3399 - dice_axon: 0.3997 - dice_myelin: 0.2029
 9/63 [===>..........................] - ETA: 2:29 - loss: 0.6673 - acc: 0.3376 - dice_axon: 0.3997 - dice_myelin: 0.1970
10/63 [===>..........................] - ETA: 2:13 - loss: 0.6666 - acc: 0.3376 - dice_axon: 0.4002 - dice_myelin: 0.1962
11/63 [====>.........................] - ETA: 2:00 - loss: 0.6681 - acc: 0.3276 - dice_axon: 0.3898 - dice_myelin: 0.1902
12/63 [====>.........................] - ETA: 1:49 - loss: 0.6664 - acc: 0.3311 - dice_axon: 0.3931 - dice_myelin: 0.1890
13/63 [=====>........................] - ETA: 1:40 - loss: 0.6663 - acc: 0.3281 - dice_axon: 0.3910 - dice_myelin: 0.1839
14/63 [=====>........................] - ETA: 1:32 - loss: 0.6654 - acc: 0.3204 - dice_axon: 0.3744 - dice_myelin: 0.1766
15/63 [======>.......................] - ETA: 1:25 - loss: 0.6651 - acc: 0.3208 - dice_axon: 0.3755 - dice_myelin: 0.1732
16/63 [======>.......................] - ETA: 1:19 - loss: 0.6636 - acc: 0.3208 - dice_axon: 0.3648 - dice_myelin: 0.1687
17/63 [=======>......................] - ETA: 1:13 - loss: 0.6626 - acc: 0.3240 - dice_axon: 0.3679 - dice_myelin: 0.1671
18/63 [=======>......................] - ETA: 1:09 - loss: 0.6621 - acc: 0.3252 - dice_axon: 0.3653 - dice_myelin: 0.1652
19/63 [========>.....................] - ETA: 1:05 - loss: 0.6611 - acc: 0.3276 - dice_axon: 0.3600 - dice_myelin: 0.1611
20/63 [========>.....................] - ETA: 1:02 - loss: 0.6603 - acc: 0.3300 - dice_axon: 0.3603 - dice_myelin: 0.1595
21/63 [=========>....................] - ETA: 59s - loss: 0.6601 - acc: 0.3317 - dice_axon: 0.3609 - dice_myelin: 0.1585 
22/63 [=========>....................] - ETA: 56s - loss: 0.6600 - acc: 0.3326 - dice_axon: 0.3620 - dice_myelin: 0.1575
23/63 [=========>....................] - ETA: 53s - loss: 0.6599 - acc: 0.3341 - dice_axon: 0.3600 - dice_myelin: 0.1558
24/63 [==========>...................] - ETA: 51s - loss: 0.6597 - acc: 0.3348 - dice_axon: 0.3609 - dice_myelin: 0.1546
25/63 [==========>...................] - ETA: 48s - loss: 0.6593 - acc: 0.3362 - dice_axon: 0.3602 - dice_myelin: 0.1536
26/63 [===========>..................] - ETA: 46s - loss: 0.6587 - acc: 0.3377 - dice_axon: 0.3606 - dice_myelin: 0.1529
27/63 [===========>..................] - ETA: 44s - loss: 0.6577 - acc: 0.3401 - dice_axon: 0.3593 - dice_myelin: 0.1511
28/63 [============>.................] - ETA: 42s - loss: 0.6568 - acc: 0.3420 - dice_axon: 0.3595 - dice_myelin: 0.1499
29/63 [============>.................] - ETA: 40s - loss: 0.6567 - acc: 0.3421 - dice_axon: 0.3605 - dice_myelin: 0.1486
30/63 [=============>................] - ETA: 39s - loss: 0.6566 - acc: 0.3426 - dice_axon: 0.3599 - dice_myelin: 0.1473
31/63 [=============>................] - ETA: 37s - loss: 0.6554 - acc: 0.3455 - dice_axon: 0.3590 - dice_myelin: 0.1466
32/63 [==============>...............] - ETA: 35s - loss: 0.6551 - acc: 0.3464 - dice_axon: 0.3584 - dice_myelin: 0.1455
33/63 [==============>...............] - ETA: 34s - loss: 0.6539 - acc: 0.3495 - dice_axon: 0.3557 - dice_myelin: 0.1434
34/63 [===============>..............] - ETA: 33s - loss: 0.6532 - acc: 0.3511 - dice_axon: 0.3554 - dice_myelin: 0.1434
35/63 [===============>..............] - ETA: 31s - loss: 0.6532 - acc: 0.3511 - dice_axon: 0.3554 - dice_myelin: 0.1427
36/63 [================>.............] - ETA: 30s - loss: 0.6533 - acc: 0.3508 - dice_axon: 0.3558 - dice_myelin: 0.1418
37/63 [================>.............] - ETA: 28s - loss: 0.6527 - acc: 0.3524 - dice_axon: 0.3554 - dice_myelin: 0.1432
38/63 [=================>............] - ETA: 27s - loss: 0.6529 - acc: 0.3515 - dice_axon: 0.3560 - dice_myelin: 0.1426
39/63 [=================>............] - ETA: 25s - loss: 0.6528 - acc: 0.3516 - dice_axon: 0.3563 - dice_myelin: 0.1414
40/63 [==================>...........] - ETA: 24s - loss: 0.6522 - acc: 0.3532 - dice_axon: 0.3544 - dice_myelin: 0.1404
41/63 [==================>...........] - ETA: 23s - loss: 0.6517 - acc: 0.3540 - dice_axon: 0.3546 - dice_myelin: 0.1397
42/63 [===================>..........] - ETA: 22s - loss: 0.6507 - acc: 0.3565 - dice_axon: 0.3525 - dice_myelin: 0.1388
43/63 [===================>..........] - ETA: 20s - loss: 0.6501 - acc: 0.3576 - dice_axon: 0.3522 - dice_myelin: 0.1383
44/63 [===================>..........] - ETA: 19s - loss: 0.6477 - acc: 0.3636 - dice_axon: 0.3476 - dice_myelin: 0.1372
45/63 [====================>.........] - ETA: 18s - loss: 0.6464 - acc: 0.3663 - dice_axon: 0.3451 - dice_myelin: 0.1354
46/63 [====================>.........] - ETA: 17s - loss: 0.6457 - acc: 0.3678 - dice_axon: 0.3440 - dice_myelin: 0.1347
47/63 [=====================>........] - ETA: 16s - loss: 0.6437 - acc: 0.3717 - dice_axon: 0.3420 - dice_myelin: 0.1330
48/63 [=====================>........] - ETA: 14s - loss: 0.6431 - acc: 0.3731 - dice_axon: 0.3415 - dice_myelin: 0.1329
49/63 [======================>.......] - ETA: 13s - loss: 0.6432 - acc: 0.3726 - dice_axon: 0.3415 - dice_myelin: 0.1325
50/63 [======================>.......] - ETA: 12s - loss: 0.6433 - acc: 0.3723 - dice_axon: 0.3417 - dice_myelin: 0.1325
51/63 [=======================>......] - ETA: 11s - loss: 0.6434 - acc: 0.3718 - dice_axon: 0.3417 - dice_myelin: 0.1318
52/63 [=======================>......] - ETA: 10s - loss: 0.6422 - acc: 0.3740 - dice_axon: 0.3411 - dice_myelin: 0.1310
53/63 [========================>.....] - ETA: 9s - loss: 0.6409 - acc: 0.3767 - dice_axon: 0.3387 - dice_myelin: 0.1297 
54/63 [========================>.....] - ETA: 8s - loss: 0.6398 - acc: 0.3789 - dice_axon: 0.3376 - dice_myelin: 0.1290
55/63 [=========================>....] - ETA: 7s - loss: 0.6399 - acc: 0.3784 - dice_axon: 0.3375 - dice_myelin: 0.1283
56/63 [=========================>....] - ETA: 6s - loss: 0.6396 - acc: 0.3791 - dice_axon: 0.3365 - dice_myelin: 0.1278
57/63 [==========================>...] - ETA: 5s - loss: 0.6390 - acc: 0.3804 - dice_axon: 0.3362 - dice_myelin: 0.1282
58/63 [==========================>...] - ETA: 4s - loss: 0.6389 - acc: 0.3805 - dice_axon: 0.3358 - dice_myelin: 0.1278
59/63 [===========================>..] - ETA: 3s - loss: 0.6390 - acc: 0.3800 - dice_axon: 0.3358 - dice_myelin: 0.1279
60/63 [===========================>..] - ETA: 2s - loss: 0.6381 - acc: 0.3820 - dice_axon: 0.3348 - dice_myelin: 0.1278
61/63 [============================>.] - ETA: 1s - loss: 0.6367 - acc: 0.3845 - dice_axon: 0.3332 - dice_myelin: 0.1269
62/63 [============================>.] - ETA: 0s - loss: 0.6373 - acc: 0.3832 - dice_axon: 0.3334 - dice_myelin: 0.1271
63/63 [==============================] - 60s 947ms/step - loss: 0.6368 - acc: 0.3843 - dice_axon: 0.3320 - dice_myelin: 0.1266 - val_loss: 0.5550 - val_acc: 0.5466 - val_dice_axon: 0.2704 - val_dice_myelin: 0.0987
Epoch 2/300

 1/63 [..............................] - ETA: 19s - loss: 0.6359 - acc: 0.3691 - dice_axon: 0.3257 - dice_myelin: 0.1077
 2/63 [..............................] - ETA: 18s - loss: 0.6318 - acc: 0.3819 - dice_axon: 0.3184 - dice_myelin: 0.1167
 3/63 [>.............................] - ETA: 18s - loss: 0.6414 - acc: 0.3619 - dice_axon: 0.3213 - dice_myelin: 0.1172
 4/63 [>.............................] - ETA: 17s - loss: 0.6445 - acc: 0.3560 - dice_axon: 0.3208 - dice_myelin: 0.1155
 5/63 [=>............................] - ETA: 20s - loss: 0.6346 - acc: 0.3794 - dice_axon: 0.3077 - dice_myelin: 0.1148
 6/63 [=>............................] - ETA: 22s - loss: 0.6456 - acc: 0.3554 - dice_axon: 0.3168 - dice_myelin: 0.1206
 7/63 [==>...........................] - ETA: 23s - loss: 0.6352 - acc: 0.3775 - dice_axon: 0.3054 - dice_myelin: 0.1182
 8/63 [==>...........................] - ETA: 23s - loss: 0.6318 - acc: 0.3837 - dice_axon: 0.3037 - dice_myelin: 0.1147
 9/63 [===>..........................] - ETA: 23s - loss: 0.6308 - acc: 0.3848 - dice_axon: 0.3038 - dice_myelin: 0.1122
10/63 [===>..........................] - ETA: 23s - loss: 0.6284 - acc: 0.3883 - dice_axon: 0.3030 - dice_myelin: 0.1094
11/63 [====>.........................] - ETA: 23s - loss: 0.6310 - acc: 0.3827 - dice_axon: 0.3027 - dice_myelin: 0.1063
12/63 [====>.........................] - ETA: 22s - loss: 0.6306 - acc: 0.3840 - dice_axon: 0.3021 - dice_myelin: 0.1066
13/63 [=====>........................] - ETA: 22s - loss: 0.6257 - acc: 0.3946 - dice_axon: 0.2995 - dice_myelin: 0.1071
14/63 [=====>........................] - ETA: 21s - loss: 0.6245 - acc: 0.3969 - dice_axon: 0.2981 - dice_myelin: 0.1062
15/63 [======>.......................] - ETA: 21s - loss: 0.6132 - acc: 0.4193 - dice_axon: 0.2870 - dice_myelin: 0.1026
16/63 [======>.......................] - ETA: 20s - loss: 0.6154 - acc: 0.4148 - dice_axon: 0.2883 - dice_myelin: 0.1026
17/63 [=======>......................] - ETA: 20s - loss: 0.6132 - acc: 0.4198 - dice_axon: 0.2866 - dice_myelin: 0.1031
18/63 [=======>......................] - ETA: 20s - loss: 0.6079 - acc: 0.4300 - dice_axon: 0.2832 - dice_myelin: 0.1021
19/63 [========>.....................] - ETA: 19s - loss: 0.6003 - acc: 0.4438 - dice_axon: 0.2754 - dice_myelin: 0.0993
20/63 [========>.....................] - ETA: 19s - loss: 0.6033 - acc: 0.4383 - dice_axon: 0.2754 - dice_myelin: 0.0985
21/63 [=========>....................] - ETA: 19s - loss: 0.6019 - acc: 0.4405 - dice_axon: 0.2743 - dice_myelin: 0.0981
22/63 [=========>....................] - ETA: 18s - loss: 0.5991 - acc: 0.4460 - dice_axon: 0.2727 - dice_myelin: 0.0989
23/63 [=========>....................] - ETA: 18s - loss: 0.6016 - acc: 0.4411 - dice_axon: 0.2735 - dice_myelin: 0.0992
24/63 [==========>...................] - ETA: 17s - loss: 0.6021 - acc: 0.4397 - dice_axon: 0.2729 - dice_myelin: 0.0983
25/63 [==========>...................] - ETA: 17s - loss: 0.6011 - acc: 0.4410 - dice_axon: 0.2722 - dice_myelin: 0.0983
26/63 [===========>..................] - ETA: 16s - loss: 0.6012 - acc: 0.4408 - dice_axon: 0.2718 - dice_myelin: 0.0986
27/63 [===========>..................] - ETA: 16s - loss: 0.6025 - acc: 0.4380 - dice_axon: 0.2720 - dice_myelin: 0.0989
28/63 [============>.................] - ETA: 15s - loss: 0.6058 - acc: 0.4320 - dice_axon: 0.2724 - dice_myelin: 0.0991
29/63 [============>.................] - ETA: 15s - loss: 0.6047 - acc: 0.4337 - dice_axon: 0.2718 - dice_myelin: 0.0990
30/63 [=============>................] - ETA: 14s - loss: 0.6008 - acc: 0.4405 - dice_axon: 0.2693 - dice_myelin: 0.0987
31/63 [=============>................] - ETA: 14s - loss: 0.6010 - acc: 0.4400 - dice_axon: 0.2689 - dice_myelin: 0.0985
32/63 [==============>...............] - ETA: 14s - loss: 0.6015 - acc: 0.4385 - dice_axon: 0.2695 - dice_myelin: 0.0988
33/63 [==============>...............] - ETA: 13s - loss: 0.5986 - acc: 0.4436 - dice_axon: 0.2678 - dice_myelin: 0.0986
34/63 [===============>..............] - ETA: 12s - loss: 0.5972 - acc: 0.4458 - dice_axon: 0.2666 - dice_myelin: 0.0983
35/63 [===============>..............] - ETA: 12s - loss: 0.5929 - acc: 0.4526 - dice_axon: 0.2632 - dice_myelin: 0.0970
36/63 [================>.............] - ETA: 12s - loss: 0.5937 - acc: 0.4508 - dice_axon: 0.2631 - dice_myelin: 0.0971
37/63 [================>.............] - ETA: 11s - loss: 0.5939 - acc: 0.4503 - dice_axon: 0.2624 - dice_myelin: 0.0969
38/63 [=================>............] - ETA: 11s - loss: 0.5941 - acc: 0.4501 - dice_axon: 0.2611 - dice_myelin: 0.0966
39/63 [=================>............] - ETA: 10s - loss: 0.5979 - acc: 0.4435 - dice_axon: 0.2614 - dice_myelin: 0.0969
40/63 [==================>...........] - ETA: 10s - loss: 0.5973 - acc: 0.4443 - dice_axon: 0.2600 - dice_myelin: 0.0967
41/63 [==================>...........] - ETA: 9s - loss: 0.5954 - acc: 0.4472 - dice_axon: 0.2582 - dice_myelin: 0.0961 
42/63 [===================>..........] - ETA: 9s - loss: 0.5936 - acc: 0.4498 - dice_axon: 0.2572 - dice_myelin: 0.0958
43/63 [===================>..........] - ETA: 8s - loss: 0.5944 - acc: 0.4482 - dice_axon: 0.2570 - dice_myelin: 0.0959
44/63 [===================>..........] - ETA: 8s - loss: 0.5946 - acc: 0.4477 - dice_axon: 0.2566 - dice_myelin: 0.0960
45/63 [====================>.........] - ETA: 8s - loss: 0.5953 - acc: 0.4463 - dice_axon: 0.2566 - dice_myelin: 0.0967
46/63 [====================>.........] - ETA: 7s - loss: 0.5960 - acc: 0.4448 - dice_axon: 0.2561 - dice_myelin: 0.0964
47/63 [=====================>........] - ETA: 7s - loss: 0.5965 - acc: 0.4437 - dice_axon: 0.2557 - dice_myelin: 0.0965
48/63 [=====================>........] - ETA: 6s - loss: 0.5954 - acc: 0.4450 - dice_axon: 0.2545 - dice_myelin: 0.0962
49/63 [======================>.......] - ETA: 6s - loss: 0.5957 - acc: 0.4444 - dice_axon: 0.2536 - dice_myelin: 0.0960
50/63 [======================>.......] - ETA: 5s - loss: 0.5956 - acc: 0.4441 - dice_axon: 0.2526 - dice_myelin: 0.0957
51/63 [=======================>......] - ETA: 5s - loss: 0.5932 - acc: 0.4473 - dice_axon: 0.2509 - dice_myelin: 0.0951
52/63 [=======================>......] - ETA: 4s - loss: 0.5903 - acc: 0.4511 - dice_axon: 0.2492 - dice_myelin: 0.0942
53/63 [========================>.....] - ETA: 4s - loss: 0.5899 - acc: 0.4515 - dice_axon: 0.2486 - dice_myelin: 0.0942
54/63 [========================>.....] - ETA: 4s - loss: 0.5912 - acc: 0.4492 - dice_axon: 0.2481 - dice_myelin: 0.0942
55/63 [=========================>....] - ETA: 3s - loss: 0.5923 - acc: 0.4472 - dice_axon: 0.2475 - dice_myelin: 0.0940
56/63 [=========================>....] - ETA: 3s - loss: 0.5952 - acc: 0.4427 - dice_axon: 0.2470 - dice_myelin: 0.0939
57/63 [==========================>...] - ETA: 2s - loss: 0.5965 - acc: 0.4406 - dice_axon: 0.2462 - dice_myelin: 0.0937
58/63 [==========================>...] - ETA: 2s - loss: 0.5958 - acc: 0.4412 - dice_axon: 0.2452 - dice_myelin: 0.0936
59/63 [===========================>..] - ETA: 1s - loss: 0.5948 - acc: 0.4425 - dice_axon: 0.2446 - dice_myelin: 0.0933
60/63 [===========================>..] - ETA: 1s - loss: 0.5947 - acc: 0.4422 - dice_axon: 0.2437 - dice_myelin: 0.0929
61/63 [============================>.] - ETA: 0s - loss: 0.5934 - acc: 0.4438 - dice_axon: 0.2421 - dice_myelin: 0.0925
62/63 [============================>.] - ETA: 0s - loss: 0.5925 - acc: 0.4446 - dice_axon: 0.2410 - dice_myelin: 0.0920
63/63 [==============================] - 29s 463ms/step - loss: 0.5929 - acc: 0.4437 - dice_axon: 0.2407 - dice_myelin: 0.0919 - val_loss: 0.5062 - val_acc: 0.5466 - val_dice_axon: 0.1893 - val_dice_myelin: 0.0726
Epoch 3/300

 1/63 [..............................] - ETA: 17s - loss: 0.6072 - acc: 0.4051 - dice_axon: 0.2111 - dice_myelin: 0.0833
 2/63 [..............................] - ETA: 24s - loss: 0.6145 - acc: 0.3936 - dice_axon: 0.2075 - dice_myelin: 0.0787
 3/63 [>.............................] - ETA: 27s - loss: 0.5942 - acc: 0.4265 - dice_axon: 0.2011 - dice_myelin: 0.0839
 4/63 [>.............................] - ETA: 29s - loss: 0.5906 - acc: 0.4290 - dice_axon: 0.1946 - dice_myelin: 0.0788
 5/63 [=>............................] - ETA: 31s - loss: 0.5873 - acc: 0.4323 - dice_axon: 0.1958 - dice_myelin: 0.0779
 6/63 [=>............................] - ETA: 29s - loss: 0.5987 - acc: 0.4163 - dice_axon: 0.1926 - dice_myelin: 0.0768
 7/63 [==>...........................] - ETA: 29s - loss: 0.5944 - acc: 0.4220 - dice_axon: 0.1914 - dice_myelin: 0.0765
 8/63 [==>...........................] - ETA: 28s - loss: 0.5980 - acc: 0.4161 - dice_axon: 0.1938 - dice_myelin: 0.0770
 9/63 [===>..........................] - ETA: 27s - loss: 0.5937 - acc: 0.4225 - dice_axon: 0.1937 - dice_myelin: 0.0774
10/63 [===>..........................] - ETA: 26s - loss: 0.5889 - acc: 0.4313 - dice_axon: 0.1948 - dice_myelin: 0.0809
11/63 [====>.........................] - ETA: 25s - loss: 0.5895 - acc: 0.4298 - dice_axon: 0.1916 - dice_myelin: 0.0794
12/63 [====>.........................] - ETA: 25s - loss: 0.5854 - acc: 0.4346 - dice_axon: 0.1879 - dice_myelin: 0.0780
13/63 [=====>........................] - ETA: 24s - loss: 0.5685 - acc: 0.4576 - dice_axon: 0.1812 - dice_myelin: 0.0754
14/63 [=====>........................] - ETA: 24s - loss: 0.5711 - acc: 0.4538 - dice_axon: 0.1799 - dice_myelin: 0.0748
15/63 [======>.......................] - ETA: 23s - loss: 0.5687 - acc: 0.4569 - dice_axon: 0.1778 - dice_myelin: 0.0747
16/63 [======>.......................] - ETA: 23s - loss: 0.5653 - acc: 0.4611 - dice_axon: 0.1756 - dice_myelin: 0.0746
17/63 [=======>......................] - ETA: 22s - loss: 0.5688 - acc: 0.4562 - dice_axon: 0.1762 - dice_myelin: 0.0750
18/63 [=======>......................] - ETA: 21s - loss: 0.5737 - acc: 0.4495 - dice_axon: 0.1760 - dice_myelin: 0.0751
19/63 [========>.....................] - ETA: 21s - loss: 0.5775 - acc: 0.4441 - dice_axon: 0.1767 - dice_myelin: 0.0758
20/63 [========>.....................] - ETA: 20s - loss: 0.5819 - acc: 0.4379 - dice_axon: 0.1766 - dice_myelin: 0.0762
21/63 [=========>....................] - ETA: 20s - loss: 0.5843 - acc: 0.4345 - dice_axon: 0.1761 - dice_myelin: 0.0763
22/63 [=========>....................] - ETA: 19s - loss: 0.5854 - acc: 0.4327 - dice_axon: 0.1757 - dice_myelin: 0.0763
23/63 [=========>....................] - ETA: 19s - loss: 0.5812 - acc: 0.4379 - dice_axon: 0.1736 - dice_myelin: 0.0761
24/63 [==========>...................] - ETA: 18s - loss: 0.5886 - acc: 0.4279 - dice_axon: 0.1740 - dice_myelin: 0.0764
25/63 [==========>...................] - ETA: 18s - loss: 0.5889 - acc: 0.4270 - dice_axon: 0.1725 - dice_myelin: 0.0760
26/63 [===========>..................] - ETA: 17s - loss: 0.5878 - acc: 0.4287 - dice_axon: 0.1725 - dice_myelin: 0.0765
27/63 [===========>..................] - ETA: 17s - loss: 0.5882 - acc: 0.4281 - dice_axon: 0.1732 - dice_myelin: 0.0772
28/63 [============>.................] - ETA: 16s - loss: 0.5887 - acc: 0.4273 - dice_axon: 0.1726 - dice_myelin: 0.0770
29/63 [============>.................] - ETA: 16s - loss: 0.5909 - acc: 0.4243 - dice_axon: 0.1735 - dice_myelin: 0.0776
30/63 [=============>................] - ETA: 15s - loss: 0.5967 - acc: 0.4167 - dice_axon: 0.1734 - dice_myelin: 0.0775
31/63 [=============>................] - ETA: 15s - loss: 0.5976 - acc: 0.4151 - dice_axon: 0.1731 - dice_myelin: 0.0773
32/63 [==============>...............] - ETA: 14s - loss: 0.5894 - acc: 0.4253 - dice_axon: 0.1701 - dice_myelin: 0.0762
33/63 [==============>...............] - ETA: 14s - loss: 0.5910 - acc: 0.4231 - dice_axon: 0.1704 - dice_myelin: 0.0765
34/63 [===============>..............] - ETA: 13s - loss: 0.5869 - acc: 0.4280 - dice_axon: 0.1690 - dice_myelin: 0.0760
35/63 [===============>..............] - ETA: 13s - loss: 0.5884 - acc: 0.4258 - dice_axon: 0.1688 - dice_myelin: 0.0758
36/63 [================>.............] - ETA: 12s - loss: 0.5833 - acc: 0.4321 - dice_axon: 0.1677 - dice_myelin: 0.0751
37/63 [================>.............] - ETA: 12s - loss: 0.5787 - acc: 0.4384 - dice_axon: 0.1670 - dice_myelin: 0.0749
38/63 [=================>............] - ETA: 11s - loss: 0.5803 - acc: 0.4362 - dice_axon: 0.1668 - dice_myelin: 0.0748
39/63 [=================>............] - ETA: 11s - loss: 0.5752 - acc: 0.4422 - dice_axon: 0.1649 - dice_myelin: 0.0740
40/63 [==================>...........] - ETA: 10s - loss: 0.5801 - acc: 0.4360 - dice_axon: 0.1648 - dice_myelin: 0.0739
41/63 [==================>...........] - ETA: 10s - loss: 0.5794 - acc: 0.4366 - dice_axon: 0.1639 - dice_myelin: 0.0736
42/63 [===================>..........] - ETA: 9s - loss: 0.5785 - acc: 0.4377 - dice_axon: 0.1635 - dice_myelin: 0.0736 
43/63 [===================>..........] - ETA: 9s - loss: 0.5800 - acc: 0.4359 - dice_axon: 0.1635 - dice_myelin: 0.0736
44/63 [===================>..........] - ETA: 8s - loss: 0.5783 - acc: 0.4376 - dice_axon: 0.1626 - dice_myelin: 0.0732
45/63 [====================>.........] - ETA: 8s - loss: 0.5775 - acc: 0.4385 - dice_axon: 0.1622 - dice_myelin: 0.0731
46/63 [====================>.........] - ETA: 8s - loss: 0.5802 - acc: 0.4350 - dice_axon: 0.1619 - dice_myelin: 0.0729
47/63 [=====================>........] - ETA: 7s - loss: 0.5801 - acc: 0.4349 - dice_axon: 0.1612 - dice_myelin: 0.0726
48/63 [=====================>........] - ETA: 7s - loss: 0.5805 - acc: 0.4344 - dice_axon: 0.1610 - dice_myelin: 0.0726
49/63 [======================>.......] - ETA: 6s - loss: 0.5804 - acc: 0.4344 - dice_axon: 0.1603 - dice_myelin: 0.0724
50/63 [======================>.......] - ETA: 6s - loss: 0.5804 - acc: 0.4341 - dice_axon: 0.1596 - dice_myelin: 0.0721
51/63 [=======================>......] - ETA: 5s - loss: 0.5812 - acc: 0.4332 - dice_axon: 0.1606 - dice_myelin: 0.0725
52/63 [=======================>......] - ETA: 5s - loss: 0.5825 - acc: 0.4315 - dice_axon: 0.1601 - dice_myelin: 0.0722
53/63 [========================>.....] - ETA: 4s - loss: 0.5797 - acc: 0.4347 - dice_axon: 0.1590 - dice_myelin: 0.0718
54/63 [========================>.....] - ETA: 4s - loss: 0.5796 - acc: 0.4348 - dice_axon: 0.1591 - dice_myelin: 0.0718
55/63 [=========================>....] - ETA: 3s - loss: 0.5770 - acc: 0.4380 - dice_axon: 0.1584 - dice_myelin: 0.0715
56/63 [=========================>....] - ETA: 3s - loss: 0.5748 - acc: 0.4406 - dice_axon: 0.1578 - dice_myelin: 0.0713
57/63 [==========================>...] - ETA: 2s - loss: 0.5735 - acc: 0.4423 - dice_axon: 0.1570 - dice_myelin: 0.0710
58/63 [==========================>...] - ETA: 2s - loss: 0.5718 - acc: 0.4442 - dice_axon: 0.1563 - dice_myelin: 0.0707
59/63 [===========================>..] - ETA: 1s - loss: 0.5709 - acc: 0.4453 - dice_axon: 0.1557 - dice_myelin: 0.0705
60/63 [===========================>..] - ETA: 1s - loss: 0.5724 - acc: 0.4435 - dice_axon: 0.1554 - dice_myelin: 0.0703
61/63 [============================>.] - ETA: 0s - loss: 0.5713 - acc: 0.4448 - dice_axon: 0.1547 - dice_myelin: 0.0701
62/63 [============================>.] - ETA: 0s - loss: 0.5719 - acc: 0.4440 - dice_axon: 0.1545 - dice_myelin: 0.0700
63/63 [==============================] - 30s 476ms/step - loss: 0.5712 - acc: 0.4447 - dice_axon: 0.1541 - dice_myelin: 0.0697 - val_loss: 0.4827 - val_acc: 0.5466 - val_dice_axon: 0.1212 - val_dice_myelin: 0.0420
Epoch 4/300

 1/63 [..............................] - ETA: 18s - loss: 0.6642 - acc: 0.3280 - dice_axon: 0.1261 - dice_myelin: 0.0561
 2/63 [..............................] - ETA: 23s - loss: 0.6200 - acc: 0.3817 - dice_axon: 0.1237 - dice_myelin: 0.0569
 3/63 [>.............................] - ETA: 26s - loss: 0.6229 - acc: 0.3769 - dice_axon: 0.1265 - dice_myelin: 0.0579
 4/63 [>.............................] - ETA: 29s - loss: 0.5523 - acc: 0.4614 - dice_axon: 0.1176 - dice_myelin: 0.0541
 5/63 [=>............................] - ETA: 31s - loss: 0.5520 - acc: 0.4620 - dice_axon: 0.1147 - dice_myelin: 0.0535
 6/63 [=>............................] - ETA: 30s - loss: 0.5636 - acc: 0.4479 - dice_axon: 0.1160 - dice_myelin: 0.0541
 7/63 [==>...........................] - ETA: 28s - loss: 0.5702 - acc: 0.4412 - dice_axon: 0.1152 - dice_myelin: 0.0537
 8/63 [==>...........................] - ETA: 27s - loss: 0.5501 - acc: 0.4654 - dice_axon: 0.1142 - dice_myelin: 0.0535
 9/63 [===>..........................] - ETA: 26s - loss: 0.5613 - acc: 0.4520 - dice_axon: 0.1152 - dice_myelin: 0.0535
10/63 [===>..........................] - ETA: 24s - loss: 0.5545 - acc: 0.4600 - dice_axon: 0.1156 - dice_myelin: 0.0540
11/63 [====>.........................] - ETA: 24s - loss: 0.5538 - acc: 0.4604 - dice_axon: 0.1160 - dice_myelin: 0.0541
12/63 [====>.........................] - ETA: 23s - loss: 0.5310 - acc: 0.4873 - dice_axon: 0.1121 - dice_myelin: 0.0528
13/63 [=====>........................] - ETA: 23s - loss: 0.5336 - acc: 0.4840 - dice_axon: 0.1128 - dice_myelin: 0.0530
14/63 [=====>........................] - ETA: 22s - loss: 0.5325 - acc: 0.4849 - dice_axon: 0.1139 - dice_myelin: 0.0530
15/63 [======>.......................] - ETA: 22s - loss: 0.5380 - acc: 0.4781 - dice_axon: 0.1138 - dice_myelin: 0.0527
16/63 [======>.......................] - ETA: 22s - loss: 0.5393 - acc: 0.4763 - dice_axon: 0.1145 - dice_myelin: 0.0527
17/63 [=======>......................] - ETA: 21s - loss: 0.5317 - acc: 0.4849 - dice_axon: 0.1133 - dice_myelin: 0.0523
18/63 [=======>......................] - ETA: 21s - loss: 0.5340 - acc: 0.4821 - dice_axon: 0.1140 - dice_myelin: 0.0525
19/63 [========>.....................] - ETA: 20s - loss: 0.5355 - acc: 0.4802 - dice_axon: 0.1136 - dice_myelin: 0.0524
20/63 [========>.....................] - ETA: 20s - loss: 0.5337 - acc: 0.4821 - dice_axon: 0.1123 - dice_myelin: 0.0520
21/63 [=========>....................] - ETA: 19s - loss: 0.5352 - acc: 0.4800 - dice_axon: 0.1120 - dice_myelin: 0.0518
22/63 [=========>....................] - ETA: 19s - loss: 0.5350 - acc: 0.4800 - dice_axon: 0.1115 - dice_myelin: 0.0518
23/63 [=========>....................] - ETA: 18s - loss: 0.5453 - acc: 0.4680 - dice_axon: 0.1119 - dice_myelin: 0.0518
24/63 [==========>...................] - ETA: 18s - loss: 0.5495 - acc: 0.4630 - dice_axon: 0.1119 - dice_myelin: 0.0518
25/63 [==========>...................] - ETA: 17s - loss: 0.5532 - acc: 0.4585 - dice_axon: 0.1121 - dice_myelin: 0.0517
26/63 [===========>..................] - ETA: 17s - loss: 0.5566 - acc: 0.4546 - dice_axon: 0.1117 - dice_myelin: 0.0514
27/63 [===========>..................] - ETA: 16s - loss: 0.5580 - acc: 0.4528 - dice_axon: 0.1116 - dice_myelin: 0.0515
28/63 [============>.................] - ETA: 16s - loss: 0.5548 - acc: 0.4561 - dice_axon: 0.1107 - dice_myelin: 0.0513
29/63 [============>.................] - ETA: 15s - loss: 0.5457 - acc: 0.4663 - dice_axon: 0.1088 - dice_myelin: 0.0506
30/63 [=============>................] - ETA: 15s - loss: 0.5446 - acc: 0.4673 - dice_axon: 0.1086 - dice_myelin: 0.0505
31/63 [=============>................] - ETA: 15s - loss: 0.5500 - acc: 0.4610 - dice_axon: 0.1086 - dice_myelin: 0.0504
32/63 [==============>...............] - ETA: 14s - loss: 0.5484 - acc: 0.4626 - dice_axon: 0.1083 - dice_myelin: 0.0503
33/63 [==============>...............] - ETA: 13s - loss: 0.5475 - acc: 0.4634 - dice_axon: 0.1085 - dice_myelin: 0.0503
34/63 [===============>..............] - ETA: 13s - loss: 0.5417 - acc: 0.4702 - dice_axon: 0.1082 - dice_myelin: 0.0501
35/63 [===============>..............] - ETA: 12s - loss: 0.5399 - acc: 0.4720 - dice_axon: 0.1077 - dice_myelin: 0.0499
36/63 [================>.............] - ETA: 12s - loss: 0.5422 - acc: 0.4693 - dice_axon: 0.1074 - dice_myelin: 0.0496
37/63 [================>.............] - ETA: 12s - loss: 0.5486 - acc: 0.4620 - dice_axon: 0.1074 - dice_myelin: 0.0495
38/63 [=================>............] - ETA: 11s - loss: 0.5450 - acc: 0.4658 - dice_axon: 0.1065 - dice_myelin: 0.0492
39/63 [=================>............] - ETA: 11s - loss: 0.5428 - acc: 0.4680 - dice_axon: 0.1060 - dice_myelin: 0.0489
40/63 [==================>...........] - ETA: 10s - loss: 0.5452 - acc: 0.4652 - dice_axon: 0.1057 - dice_myelin: 0.0486
41/63 [==================>...........] - ETA: 10s - loss: 0.5446 - acc: 0.4659 - dice_axon: 0.1057 - dice_myelin: 0.0487
42/63 [===================>..........] - ETA: 9s - loss: 0.5420 - acc: 0.4687 - dice_axon: 0.1052 - dice_myelin: 0.0485 
43/63 [===================>..........] - ETA: 9s - loss: 0.5409 - acc: 0.4700 - dice_axon: 0.1055 - dice_myelin: 0.0487
44/63 [===================>..........] - ETA: 8s - loss: 0.5438 - acc: 0.4667 - dice_axon: 0.1054 - dice_myelin: 0.0486
45/63 [====================>.........] - ETA: 8s - loss: 0.5450 - acc: 0.4652 - dice_axon: 0.1053 - dice_myelin: 0.0484
46/63 [====================>.........] - ETA: 7s - loss: 0.5453 - acc: 0.4649 - dice_axon: 0.1055 - dice_myelin: 0.0486
47/63 [=====================>........] - ETA: 7s - loss: 0.5437 - acc: 0.4665 - dice_axon: 0.1051 - dice_myelin: 0.0484
48/63 [=====================>........] - ETA: 6s - loss: 0.5485 - acc: 0.4610 - dice_axon: 0.1053 - dice_myelin: 0.0484
49/63 [======================>.......] - ETA: 6s - loss: 0.5493 - acc: 0.4600 - dice_axon: 0.1051 - dice_myelin: 0.0483
50/63 [======================>.......] - ETA: 5s - loss: 0.5470 - acc: 0.4624 - dice_axon: 0.1047 - dice_myelin: 0.0481
51/63 [=======================>......] - ETA: 5s - loss: 0.5488 - acc: 0.4603 - dice_axon: 0.1045 - dice_myelin: 0.0479
52/63 [=======================>......] - ETA: 4s - loss: 0.5489 - acc: 0.4600 - dice_axon: 0.1042 - dice_myelin: 0.0477
53/63 [========================>.....] - ETA: 4s - loss: 0.5512 - acc: 0.4574 - dice_axon: 0.1041 - dice_myelin: 0.0476
54/63 [========================>.....] - ETA: 4s - loss: 0.5526 - acc: 0.4557 - dice_axon: 0.1040 - dice_myelin: 0.0475
55/63 [=========================>....] - ETA: 3s - loss: 0.5541 - acc: 0.4540 - dice_axon: 0.1039 - dice_myelin: 0.0475
56/63 [=========================>....] - ETA: 3s - loss: 0.5554 - acc: 0.4525 - dice_axon: 0.1038 - dice_myelin: 0.0474
57/63 [==========================>...] - ETA: 2s - loss: 0.5570 - acc: 0.4505 - dice_axon: 0.1036 - dice_myelin: 0.0472
58/63 [==========================>...] - ETA: 2s - loss: 0.5579 - acc: 0.4494 - dice_axon: 0.1034 - dice_myelin: 0.0470
59/63 [===========================>..] - ETA: 1s - loss: 0.5571 - acc: 0.4500 - dice_axon: 0.1028 - dice_myelin: 0.0468
60/63 [===========================>..] - ETA: 1s - loss: 0.5565 - acc: 0.4508 - dice_axon: 0.1028 - dice_myelin: 0.0468
61/63 [============================>.] - ETA: 0s - loss: 0.5569 - acc: 0.4502 - dice_axon: 0.1026 - dice_myelin: 0.0466slurmstepd: error: *** JOB 39531179 ON sh02-15n09 CANCELLED AT 2021-11-28T02:16:36 ***
