This script is running on:
sh03-12n10.int
/home/groups/bzuchero/axondeepseg/AxonDeepSeg/../models/CNS_learning_rate_0.01
Using TensorFlow backend.
/home/groups/bzuchero/miniconda/envs/ads_venv/lib/python3.7/site-packages/tensorflow/python/framework/dtypes.py:526: FutureWarning: Passing (type, 1) or '1type' as a synonym of type is deprecated; in a future version of numpy, it will be understood as (type, (1,)) / '(1,)type'.
  _np_qint8 = np.dtype([("qint8", np.int8, 1)])
/home/groups/bzuchero/miniconda/envs/ads_venv/lib/python3.7/site-packages/tensorflow/python/framework/dtypes.py:527: FutureWarning: Passing (type, 1) or '1type' as a synonym of type is deprecated; in a future version of numpy, it will be understood as (type, (1,)) / '(1,)type'.
  _np_quint8 = np.dtype([("quint8", np.uint8, 1)])
/home/groups/bzuchero/miniconda/envs/ads_venv/lib/python3.7/site-packages/tensorflow/python/framework/dtypes.py:528: FutureWarning: Passing (type, 1) or '1type' as a synonym of type is deprecated; in a future version of numpy, it will be understood as (type, (1,)) / '(1,)type'.
  _np_qint16 = np.dtype([("qint16", np.int16, 1)])
/home/groups/bzuchero/miniconda/envs/ads_venv/lib/python3.7/site-packages/tensorflow/python/framework/dtypes.py:529: FutureWarning: Passing (type, 1) or '1type' as a synonym of type is deprecated; in a future version of numpy, it will be understood as (type, (1,)) / '(1,)type'.
  _np_quint16 = np.dtype([("quint16", np.uint16, 1)])
/home/groups/bzuchero/miniconda/envs/ads_venv/lib/python3.7/site-packages/tensorflow/python/framework/dtypes.py:530: FutureWarning: Passing (type, 1) or '1type' as a synonym of type is deprecated; in a future version of numpy, it will be understood as (type, (1,)) / '(1,)type'.
  _np_qint32 = np.dtype([("qint32", np.int32, 1)])
/home/groups/bzuchero/miniconda/envs/ads_venv/lib/python3.7/site-packages/tensorflow/python/framework/dtypes.py:535: FutureWarning: Passing (type, 1) or '1type' as a synonym of type is deprecated; in a future version of numpy, it will be understood as (type, (1,)) / '(1,)type'.
  np_resource = np.dtype([("resource", np.ubyte, 1)])
WARNING:tensorflow:From /home/groups/bzuchero/miniconda/envs/ads_venv/lib/python3.7/site-packages/tensorflow/python/framework/op_def_library.py:263: colocate_with (from tensorflow.python.framework.ops) is deprecated and will be removed in a future version.
Instructions for updating:
Colocations handled automatically by placer.
2022-01-24 23:48:12.792126: I tensorflow/core/platform/cpu_feature_guard.cc:141] Your CPU supports instructions that this TensorFlow binary was not compiled to use: SSE4.1 SSE4.2 AVX AVX2 FMA
2022-01-24 23:48:12.796354: I tensorflow/core/platform/profile_utils/cpu_utils.cc:94] CPU Frequency: 2500155000 Hz
2022-01-24 23:48:12.796434: I tensorflow/compiler/xla/service/service.cc:150] XLA service 0x55df06329e00 executing computations on platform Host. Devices:
2022-01-24 23:48:12.796444: I tensorflow/compiler/xla/service/service.cc:158]   StreamExecutor device (0): <undefined>, <undefined>
2022-01-24 23:48:12.928145: I tensorflow/compiler/xla/service/service.cc:150] XLA service 0x55df0633e130 executing computations on platform CUDA. Devices:
2022-01-24 23:48:12.928172: I tensorflow/compiler/xla/service/service.cc:158]   StreamExecutor device (0): NVIDIA GeForce RTX 2080 Ti, Compute Capability 7.5
2022-01-24 23:48:12.928292: I tensorflow/core/common_runtime/gpu/gpu_device.cc:1433] Found device 0 with properties: 
name: NVIDIA GeForce RTX 2080 Ti major: 7 minor: 5 memoryClockRate(GHz): 1.62
pciBusID: 0000:44:00.0
totalMemory: 10.76GiB freeMemory: 10.61GiB
2022-01-24 23:48:12.928303: I tensorflow/core/common_runtime/gpu/gpu_device.cc:1512] Adding visible gpu devices: 0
2022-01-24 23:48:12.929027: I tensorflow/core/common_runtime/gpu/gpu_device.cc:984] Device interconnect StreamExecutor with strength 1 edge matrix:
2022-01-24 23:48:12.929035: I tensorflow/core/common_runtime/gpu/gpu_device.cc:990]      0 
2022-01-24 23:48:12.929039: I tensorflow/core/common_runtime/gpu/gpu_device.cc:1003] 0:   N 
2022-01-24 23:48:12.929095: I tensorflow/core/common_runtime/gpu/gpu_device.cc:1115] Created TensorFlow device (/job:localhost/replica:0/task:0/device:GPU:0 with 10321 MB memory) -> physical GPU (device: 0, name: NVIDIA GeForce RTX 2080 Ti, pci bus id: 0000:44:00.0, compute capability: 7.5)
WARNING:tensorflow:From /home/groups/bzuchero/miniconda/envs/ads_venv/lib/python3.7/site-packages/keras/backend/tensorflow_backend.py:3445: calling dropout (from tensorflow.python.ops.nn_ops) with keep_prob is deprecated and will be removed in a future version.
Instructions for updating:
Please use `rate` instead of `keep_prob`. Rate should be set to `rate = 1 - keep_prob`.
WARNING:tensorflow:From /home/groups/bzuchero/miniconda/envs/ads_venv/lib/python3.7/site-packages/tensorflow/python/ops/math_ops.py:3066: to_int32 (from tensorflow.python.ops.math_ops) is deprecated and will be removed in a future version.
Instructions for updating:
Use tf.cast instead.
WARNING:tensorflow:From /home/groups/bzuchero/miniconda/envs/ads_venv/lib/python3.7/site-packages/tensorflow/python/ops/math_grad.py:102: div (from tensorflow.python.ops.math_ops) is deprecated and will be removed in a future version.
Instructions for updating:
Deprecated in favor of operator or tf.math.divide.
Epoch 1/1000

 1/73 [..............................] - ETA: 12:29 - loss: 0.6925 - acc: 0.3168 - dice_axon: 0.2469 - dice_myelin: 0.2293
 2/73 [..............................] - ETA: 6:22 - loss: 0.6416 - acc: 0.3717 - dice_axon: 0.2982 - dice_myelin: 0.3661 
 3/73 [>.............................] - ETA: 4:19 - loss: 0.6069 - acc: 0.4208 - dice_axon: 0.3197 - dice_myelin: 0.4023
 4/73 [>.............................] - ETA: 3:18 - loss: 0.5786 - acc: 0.4561 - dice_axon: 0.3333 - dice_myelin: 0.4460
 5/73 [=>............................] - ETA: 2:40 - loss: 0.5660 - acc: 0.4673 - dice_axon: 0.3525 - dice_myelin: 0.4622
 6/73 [=>............................] - ETA: 2:15 - loss: 0.5489 - acc: 0.4836 - dice_axon: 0.3732 - dice_myelin: 0.4727
 7/73 [=>............................] - ETA: 1:58 - loss: 0.5383 - acc: 0.4924 - dice_axon: 0.3743 - dice_myelin: 0.4873
 8/73 [==>...........................] - ETA: 1:44 - loss: 0.5237 - acc: 0.5078 - dice_axon: 0.3868 - dice_myelin: 0.5021
 9/73 [==>...........................] - ETA: 1:34 - loss: 0.5127 - acc: 0.5175 - dice_axon: 0.3989 - dice_myelin: 0.5112
10/73 [===>..........................] - ETA: 1:25 - loss: 0.5130 - acc: 0.5141 - dice_axon: 0.3813 - dice_myelin: 0.5034
11/73 [===>..........................] - ETA: 1:18 - loss: 0.5052 - acc: 0.5224 - dice_axon: 0.3907 - dice_myelin: 0.5163
12/73 [===>..........................] - ETA: 1:12 - loss: 0.4956 - acc: 0.5322 - dice_axon: 0.3990 - dice_myelin: 0.5245
13/73 [====>.........................] - ETA: 1:07 - loss: 0.4871 - acc: 0.5406 - dice_axon: 0.4013 - dice_myelin: 0.5301
14/73 [====>.........................] - ETA: 1:03 - loss: 0.4798 - acc: 0.5483 - dice_axon: 0.4112 - dice_myelin: 0.5391
15/73 [=====>........................] - ETA: 59s - loss: 0.4730 - acc: 0.5540 - dice_axon: 0.4123 - dice_myelin: 0.5429 
16/73 [=====>........................] - ETA: 1:03 - loss: 0.4692 - acc: 0.5545 - dice_axon: 0.4006 - dice_myelin: 0.5330
17/73 [=====>........................] - ETA: 1:00 - loss: 0.4639 - acc: 0.5597 - dice_axon: 0.4058 - dice_myelin: 0.5411
18/73 [======>.......................] - ETA: 56s - loss: 0.4643 - acc: 0.5575 - dice_axon: 0.4017 - dice_myelin: 0.5357 
19/73 [======>.......................] - ETA: 53s - loss: 0.4725 - acc: 0.5464 - dice_axon: 0.3982 - dice_myelin: 0.5275
20/73 [=======>......................] - ETA: 51s - loss: 0.4693 - acc: 0.5489 - dice_axon: 0.3932 - dice_myelin: 0.5277
21/73 [=======>......................] - ETA: 48s - loss: 0.4645 - acc: 0.5529 - dice_axon: 0.3976 - dice_myelin: 0.5335
22/73 [========>.....................] - ETA: 46s - loss: 0.4617 - acc: 0.5534 - dice_axon: 0.3927 - dice_myelin: 0.5279
23/73 [========>.....................] - ETA: 44s - loss: 0.4605 - acc: 0.5534 - dice_axon: 0.3960 - dice_myelin: 0.5305
24/73 [========>.....................] - ETA: 42s - loss: 0.4578 - acc: 0.5539 - dice_axon: 0.3899 - dice_myelin: 0.5229
25/73 [=========>....................] - ETA: 40s - loss: 0.4554 - acc: 0.5550 - dice_axon: 0.3930 - dice_myelin: 0.5235
26/73 [=========>....................] - ETA: 38s - loss: 0.4533 - acc: 0.5565 - dice_axon: 0.3934 - dice_myelin: 0.5309
27/73 [==========>...................] - ETA: 37s - loss: 0.4516 - acc: 0.5572 - dice_axon: 0.3974 - dice_myelin: 0.5307
28/73 [==========>...................] - ETA: 35s - loss: 0.4516 - acc: 0.5564 - dice_axon: 0.3888 - dice_myelin: 0.5376
29/73 [==========>...................] - ETA: 34s - loss: 0.4499 - acc: 0.5572 - dice_axon: 0.3910 - dice_myelin: 0.5353
30/73 [===========>..................] - ETA: 32s - loss: 0.4454 - acc: 0.5612 - dice_axon: 0.3946 - dice_myelin: 0.5388
31/73 [===========>..................] - ETA: 31s - loss: 0.4453 - acc: 0.5613 - dice_axon: 0.3957 - dice_myelin: 0.5456
32/73 [============>.................] - ETA: 30s - loss: 0.4433 - acc: 0.5630 - dice_axon: 0.3982 - dice_myelin: 0.5502
33/73 [============>.................] - ETA: 28s - loss: 0.4422 - acc: 0.5634 - dice_axon: 0.3985 - dice_myelin: 0.5510
34/73 [============>.................] - ETA: 27s - loss: 0.4389 - acc: 0.5669 - dice_axon: 0.4010 - dice_myelin: 0.5530
35/73 [=============>................] - ETA: 26s - loss: 0.4360 - acc: 0.5694 - dice_axon: 0.4038 - dice_myelin: 0.5574
36/73 [=============>................] - ETA: 25s - loss: 0.4351 - acc: 0.5692 - dice_axon: 0.4057 - dice_myelin: 0.5558
37/73 [==============>...............] - ETA: 24s - loss: 0.4321 - acc: 0.5720 - dice_axon: 0.4080 - dice_myelin: 0.5609
38/73 [==============>...............] - ETA: 23s - loss: 0.4293 - acc: 0.5738 - dice_axon: 0.4089 - dice_myelin: 0.5597
39/73 [===============>..............] - ETA: 22s - loss: 0.4271 - acc: 0.5761 - dice_axon: 0.4100 - dice_myelin: 0.5637
40/73 [===============>..............] - ETA: 21s - loss: 0.4262 - acc: 0.5771 - dice_axon: 0.4109 - dice_myelin: 0.5678
41/73 [===============>..............] - ETA: 20s - loss: 0.4264 - acc: 0.5761 - dice_axon: 0.4114 - dice_myelin: 0.5651
42/73 [================>.............] - ETA: 20s - loss: 0.4247 - acc: 0.5770 - dice_axon: 0.4092 - dice_myelin: 0.5594
43/73 [================>.............] - ETA: 19s - loss: 0.4226 - acc: 0.5787 - dice_axon: 0.4108 - dice_myelin: 0.5604
44/73 [=================>............] - ETA: 18s - loss: 0.4205 - acc: 0.5804 - dice_axon: 0.4132 - dice_myelin: 0.5620
45/73 [=================>............] - ETA: 17s - loss: 0.4176 - acc: 0.5833 - dice_axon: 0.4165 - dice_myelin: 0.5656
46/73 [=================>............] - ETA: 17s - loss: 0.4145 - acc: 0.5857 - dice_axon: 0.4179 - dice_myelin: 0.5641
47/73 [==================>...........] - ETA: 16s - loss: 0.4147 - acc: 0.5850 - dice_axon: 0.4190 - dice_myelin: 0.5628
48/73 [==================>...........] - ETA: 15s - loss: 0.4119 - acc: 0.5875 - dice_axon: 0.4193 - dice_myelin: 0.5607
49/73 [===================>..........] - ETA: 15s - loss: 0.4130 - acc: 0.5856 - dice_axon: 0.4176 - dice_myelin: 0.5553
50/73 [===================>..........] - ETA: 14s - loss: 0.4145 - acc: 0.5840 - dice_axon: 0.4163 - dice_myelin: 0.5593
51/73 [===================>..........] - ETA: 13s - loss: 0.4118 - acc: 0.5858 - dice_axon: 0.4154 - dice_myelin: 0.5560
52/73 [====================>.........] - ETA: 13s - loss: 0.4086 - acc: 0.5886 - dice_axon: 0.4185 - dice_myelin: 0.5566
53/73 [====================>.........] - ETA: 12s - loss: 0.4125 - acc: 0.5845 - dice_axon: 0.4132 - dice_myelin: 0.5580
54/73 [=====================>........] - ETA: 11s - loss: 0.4113 - acc: 0.5858 - dice_axon: 0.4148 - dice_myelin: 0.5615
55/73 [=====================>........] - ETA: 10s - loss: 0.4109 - acc: 0.5859 - dice_axon: 0.4157 - dice_myelin: 0.5639
56/73 [======================>.......] - ETA: 10s - loss: 0.4102 - acc: 0.5863 - dice_axon: 0.4160 - dice_myelin: 0.5642
57/73 [======================>.......] - ETA: 9s - loss: 0.4089 - acc: 0.5871 - dice_axon: 0.4121 - dice_myelin: 0.5590 
58/73 [======================>.......] - ETA: 9s - loss: 0.4109 - acc: 0.5844 - dice_axon: 0.4126 - dice_myelin: 0.5546
59/73 [=======================>......] - ETA: 8s - loss: 0.4095 - acc: 0.5858 - dice_axon: 0.4146 - dice_myelin: 0.5573
60/73 [=======================>......] - ETA: 7s - loss: 0.4077 - acc: 0.5872 - dice_axon: 0.4120 - dice_myelin: 0.5543
61/73 [========================>.....] - ETA: 7s - loss: 0.4103 - acc: 0.5844 - dice_axon: 0.4118 - dice_myelin: 0.5556
62/73 [========================>.....] - ETA: 6s - loss: 0.4095 - acc: 0.5852 - dice_axon: 0.4127 - dice_myelin: 0.5573
63/73 [========================>.....] - ETA: 5s - loss: 0.4098 - acc: 0.5845 - dice_axon: 0.4132 - dice_myelin: 0.5571
64/73 [=========================>....] - ETA: 5s - loss: 0.4079 - acc: 0.5864 - dice_axon: 0.4153 - dice_myelin: 0.5602
65/73 [=========================>....] - ETA: 4s - loss: 0.4063 - acc: 0.5878 - dice_axon: 0.4177 - dice_myelin: 0.5625
66/73 [==========================>...] - ETA: 4s - loss: 0.4052 - acc: 0.5887 - dice_axon: 0.4197 - dice_myelin: 0.5644
67/73 [==========================>...] - ETA: 3s - loss: 0.4040 - acc: 0.5900 - dice_axon: 0.4216 - dice_myelin: 0.5641
68/73 [==========================>...] - ETA: 2s - loss: 0.4026 - acc: 0.5912 - dice_axon: 0.4204 - dice_myelin: 0.5612
69/73 [===========================>..] - ETA: 2s - loss: 0.4003 - acc: 0.5933 - dice_axon: 0.4237 - dice_myelin: 0.5634
70/73 [===========================>..] - ETA: 1s - loss: 0.3994 - acc: 0.5940 - dice_axon: 0.4230 - dice_myelin: 0.5654
71/73 [============================>.] - ETA: 1s - loss: 0.3976 - acc: 0.5956 - dice_axon: 0.4254 - dice_myelin: 0.5674
72/73 [============================>.] - ETA: 0s - loss: 0.3994 - acc: 0.5934 - dice_axon: 0.4239 - dice_myelin: 0.5637
73/73 [==============================] - 43s 595ms/step - loss: 0.3993 - acc: 0.5932 - dice_axon: 0.4238 - dice_myelin: 0.5618 - val_loss: 0.3271 - val_acc: 0.6752 - val_dice_axon: 0.4678 - val_dice_myelin: 0.7710
Epoch 2/1000

 1/73 [..............................] - ETA: 25s - loss: 0.2800 - acc: 0.7054 - dice_axon: 0.5207 - dice_myelin: 0.5034
 2/73 [..............................] - ETA: 33s - loss: 0.3282 - acc: 0.6488 - dice_axon: 0.5096 - dice_myelin: 0.5260
 3/73 [>.............................] - ETA: 39s - loss: 0.3482 - acc: 0.6298 - dice_axon: 0.4830 - dice_myelin: 0.5355
 4/73 [>.............................] - ETA: 37s - loss: 0.3497 - acc: 0.6257 - dice_axon: 0.4867 - dice_myelin: 0.5529
 5/73 [=>............................] - ETA: 34s - loss: 0.3353 - acc: 0.6386 - dice_axon: 0.4772 - dice_myelin: 0.5277
 6/73 [=>............................] - ETA: 34s - loss: 0.3232 - acc: 0.6500 - dice_axon: 0.4941 - dice_myelin: 0.5374
 7/73 [=>............................] - ETA: 33s - loss: 0.3311 - acc: 0.6433 - dice_axon: 0.4863 - dice_myelin: 0.5548
 8/73 [==>...........................] - ETA: 33s - loss: 0.3422 - acc: 0.6305 - dice_axon: 0.4801 - dice_myelin: 0.5597
 9/73 [==>...........................] - ETA: 32s - loss: 0.3409 - acc: 0.6322 - dice_axon: 0.4836 - dice_myelin: 0.5712
10/73 [===>..........................] - ETA: 32s - loss: 0.3363 - acc: 0.6372 - dice_axon: 0.4798 - dice_myelin: 0.5634
11/73 [===>..........................] - ETA: 32s - loss: 0.3344 - acc: 0.6397 - dice_axon: 0.4861 - dice_myelin: 0.5776
12/73 [===>..........................] - ETA: 30s - loss: 0.3288 - acc: 0.6457 - dice_axon: 0.4973 - dice_myelin: 0.5907
13/73 [====>.........................] - ETA: 30s - loss: 0.3225 - acc: 0.6537 - dice_axon: 0.5078 - dice_myelin: 0.5934
14/73 [====>.........................] - ETA: 29s - loss: 0.3241 - acc: 0.6522 - dice_axon: 0.5128 - dice_myelin: 0.5981
15/73 [=====>........................] - ETA: 29s - loss: 0.3235 - acc: 0.6537 - dice_axon: 0.5191 - dice_myelin: 0.5972
16/73 [=====>........................] - ETA: 28s - loss: 0.3234 - acc: 0.6537 - dice_axon: 0.5058 - dice_myelin: 0.5851
17/73 [=====>........................] - ETA: 27s - loss: 0.3252 - acc: 0.6517 - dice_axon: 0.5099 - dice_myelin: 0.5905slurmstepd: error: *** JOB 43753884 ON sh03-12n10 CANCELLED AT 2022-01-24T23:49:13 ***
